{"D:\\Development\\api-boilerplate\\src\\app.js": {"path":"D:\\Development\\api-boilerplate\\src\\app.js","statementMap":{"0":{"start":{"line":1,"column":16},"end":{"line":1,"column":34}},"1":{"start":{"line":9,"column":12},"end":{"line":9,"column":21}},"2":{"start":{"line":11,"column":0},"end":{"line":11,"column":25}},"3":{"start":{"line":13,"column":0},"end":{"line":13,"column":21}}},"fnMap":{},"branchMap":{},"s":{"0":2,"1":2,"2":2,"3":2},"f":{},"b":{},"_coverageSchema":"1a1c01bbd47fc00a2c39e90264f33305004495a9","hash":"682aacb3f46641148a0276399525a589ee8b1b5c"}
,"D:\\Development\\api-boilerplate\\src\\config\\database.js": {"path":"D:\\Development\\api-boilerplate\\src\\config\\database.js","statementMap":{"0":{"start":{"line":1,"column":0},"end":{"line":10,"column":2}}},"fnMap":{},"branchMap":{"0":{"loc":{"start":{"line":3,"column":14},"end":{"line":3,"column":47}},"type":"binary-expr","locations":[{"start":{"line":3,"column":14},"end":{"line":3,"column":37}},{"start":{"line":3,"column":41},"end":{"line":3,"column":47}}],"line":3},"1":{"loc":{"start":{"line":4,"column":14},"end":{"line":4,"column":47}},"type":"binary-expr","locations":[{"start":{"line":4,"column":14},"end":{"line":4,"column":37}},{"start":{"line":4,"column":41},"end":{"line":4,"column":47}}],"line":4},"2":{"loc":{"start":{"line":6,"column":14},"end":{"line":6,"column":48}},"type":"binary-expr","locations":[{"start":{"line":6,"column":14},"end":{"line":6,"column":33}},{"start":{"line":6,"column":37},"end":{"line":6,"column":48}}],"line":6}},"s":{"0":6},"f":{},"b":{"0":[6,6],"1":[6,6],"2":[6,6]},"_coverageSchema":"1a1c01bbd47fc00a2c39e90264f33305004495a9","hash":"1c429cf49d011369b28bf37bac1039fe9ad97824"}
,"D:\\Development\\api-boilerplate\\src\\config\\index.js": {"path":"D:\\Development\\api-boilerplate\\src\\config\\index.js","statementMap":{"0":{"start":{"line":1,"column":11},"end":{"line":1,"column":24}},"1":{"start":{"line":2,"column":13},"end":{"line":2,"column":28}},"2":{"start":{"line":4,"column":22},"end":{"line":4,"column":24}},"3":{"start":{"line":5,"column":14},"end":{"line":5,"column":39}},"4":{"start":{"line":6,"column":0},"end":{"line":13,"column":1}},"5":{"start":{"line":7,"column":4},"end":{"line":9,"column":5}},"6":{"start":{"line":8,"column":8},"end":{"line":8,"column":17}},"7":{"start":{"line":10,"column":21},"end":{"line":10,"column":41}},"8":{"start":{"line":11,"column":16},"end":{"line":11,"column":39}},"9":{"start":{"line":12,"column":4},"end":{"line":12,"column":41}},"10":{"start":{"line":15,"column":0},"end":{"line":18,"column":2}}},"fnMap":{},"branchMap":{"0":{"loc":{"start":{"line":7,"column":4},"end":{"line":9,"column":5}},"type":"if","locations":[{"start":{"line":7,"column":4},"end":{"line":9,"column":5}},{"start":{"line":7,"column":4},"end":{"line":9,"column":5}}],"line":7},"1":{"loc":{"start":{"line":16,"column":10},"end":{"line":16,"column":34}},"type":"binary-expr","locations":[{"start":{"line":16,"column":10},"end":{"line":16,"column":26}},{"start":{"line":16,"column":30},"end":{"line":16,"column":34}}],"line":16}},"s":{"0":6,"1":6,"2":6,"3":6,"4":6,"5":24,"6":6,"7":18,"8":18,"9":18,"10":6},"f":{},"b":{"0":[6,18],"1":[6,6]},"_coverageSchema":"1a1c01bbd47fc00a2c39e90264f33305004495a9","hash":"45210d00f74e66b06ad0c2841e213352ae4fa678"}
,"D:\\Development\\api-boilerplate\\src\\config\\user.js": {"path":"D:\\Development\\api-boilerplate\\src\\config\\user.js","statementMap":{"0":{"start":{"line":1,"column":0},"end":{"line":3,"column":2}}},"fnMap":{},"branchMap":{},"s":{"0":7},"f":{},"b":{},"_coverageSchema":"1a1c01bbd47fc00a2c39e90264f33305004495a9","hash":"af2354140f24b079134d8cd9e91966552938bf19"}
,"D:\\Development\\api-boilerplate\\src\\domains\\user\\user.controller.js": {"path":"D:\\Development\\api-boilerplate\\src\\domains\\user\\user.controller.js","statementMap":{"0":{"start":{"line":1,"column":55},"end":{"line":1,"column":78}},"1":{"start":{"line":2,"column":16},"end":{"line":2,"column":39}},"2":{"start":{"line":3,"column":19},"end":{"line":3,"column":31}},"3":{"start":{"line":5,"column":0},"end":{"line":19,"column":2}},"4":{"start":{"line":6,"column":2},"end":{"line":18,"column":3}},"5":{"start":{"line":7,"column":19},"end":{"line":7,"column":29}},"6":{"start":{"line":8,"column":21},"end":{"line":8,"column":42}},"7":{"start":{"line":9,"column":4},"end":{"line":13,"column":5}},"8":{"start":{"line":10,"column":6},"end":{"line":10,"column":44}},"9":{"start":{"line":12,"column":6},"end":{"line":12,"column":44}},"10":{"start":{"line":16,"column":4},"end":{"line":16,"column":15}},"11":{"start":{"line":21,"column":0},"end":{"line":29,"column":2}},"12":{"start":{"line":22,"column":2},"end":{"line":28,"column":3}},"13":{"start":{"line":23,"column":42},"end":{"line":23,"column":50}},"14":{"start":{"line":24,"column":21},"end":{"line":24,"column":65}},"15":{"start":{"line":25,"column":4},"end":{"line":25,"column":42}},"16":{"start":{"line":27,"column":4},"end":{"line":27,"column":15}},"17":{"start":{"line":31,"column":0},"end":{"line":39,"column":2}},"18":{"start":{"line":32,"column":2},"end":{"line":38,"column":3}},"19":{"start":{"line":33,"column":36},"end":{"line":33,"column":44}},"20":{"start":{"line":34,"column":21},"end":{"line":34,"column":60}},"21":{"start":{"line":35,"column":4},"end":{"line":35,"column":42}},"22":{"start":{"line":37,"column":4},"end":{"line":37,"column":15}},"23":{"start":{"line":41,"column":0},"end":{"line":49,"column":2}},"24":{"start":{"line":42,"column":2},"end":{"line":48,"column":3}},"25":{"start":{"line":43,"column":19},"end":{"line":43,"column":28}},"26":{"start":{"line":44,"column":21},"end":{"line":44,"column":41}},"27":{"start":{"line":45,"column":4},"end":{"line":45,"column":42}},"28":{"start":{"line":47,"column":4},"end":{"line":47,"column":15}}},"fnMap":{"0":{"name":"(anonymous_0)","decl":{"start":{"line":5,"column":18},"end":{"line":5,"column":19}},"loc":{"start":{"line":5,"column":44},"end":{"line":19,"column":1}},"line":5},"1":{"name":"(anonymous_1)","decl":{"start":{"line":21,"column":21},"end":{"line":21,"column":22}},"loc":{"start":{"line":21,"column":47},"end":{"line":29,"column":1}},"line":21},"2":{"name":"(anonymous_2)","decl":{"start":{"line":31,"column":21},"end":{"line":31,"column":22}},"loc":{"start":{"line":31,"column":47},"end":{"line":39,"column":1}},"line":31},"3":{"name":"(anonymous_3)","decl":{"start":{"line":41,"column":21},"end":{"line":41,"column":22}},"loc":{"start":{"line":41,"column":47},"end":{"line":49,"column":1}},"line":41}},"branchMap":{"0":{"loc":{"start":{"line":9,"column":4},"end":{"line":13,"column":5}},"type":"if","locations":[{"start":{"line":9,"column":4},"end":{"line":13,"column":5}},{"start":{"line":9,"column":4},"end":{"line":13,"column":5}}],"line":9}},"s":{"0":3,"1":3,"2":3,"3":3,"4":4,"5":4,"6":4,"7":3,"8":2,"9":1,"10":1,"11":3,"12":2,"13":2,"14":2,"15":1,"16":1,"17":3,"18":2,"19":2,"20":2,"21":1,"22":1,"23":3,"24":3,"25":3,"26":3,"27":2,"28":1},"f":{"0":4,"1":2,"2":2,"3":3},"b":{"0":[2,1]},"_coverageSchema":"1a1c01bbd47fc00a2c39e90264f33305004495a9","hash":"98fab584150f91d900fd0634f65aa9111dbab302"}
,"D:\\Development\\api-boilerplate\\src\\domains\\user\\user.flows.js": {"path":"D:\\Development\\api-boilerplate\\src\\domains\\user\\user.flows.js","statementMap":{"0":{"start":{"line":1,"column":75},"end":{"line":1,"column":101}},"1":{"start":{"line":3,"column":0},"end":{"line":6,"column":2}},"2":{"start":{"line":4,"column":19},"end":{"line":4,"column":38}},"3":{"start":{"line":5,"column":4},"end":{"line":5,"column":18}},"4":{"start":{"line":8,"column":0},"end":{"line":19,"column":2}},"5":{"start":{"line":10,"column":21},"end":{"line":14,"column":5}},"6":{"start":{"line":16,"column":19},"end":{"line":16,"column":45}},"7":{"start":{"line":18,"column":4},"end":{"line":18,"column":18}},"8":{"start":{"line":21,"column":0},"end":{"line":34,"column":1}},"9":{"start":{"line":23,"column":24},"end":{"line":26,"column":5}},"10":{"start":{"line":27,"column":23},"end":{"line":27,"column":56}},"11":{"start":{"line":28,"column":17},"end":{"line":28,"column":38}},"12":{"start":{"line":29,"column":4},"end":{"line":31,"column":5}},"13":{"start":{"line":30,"column":8},"end":{"line":30,"column":37}},"14":{"start":{"line":32,"column":4},"end":{"line":32,"column":17}},"15":{"start":{"line":36,"column":0},"end":{"line":41,"column":2}},"16":{"start":{"line":38,"column":19},"end":{"line":38,"column":40}},"17":{"start":{"line":40,"column":4},"end":{"line":40,"column":18}}},"fnMap":{"0":{"name":"(anonymous_0)","decl":{"start":{"line":3,"column":22},"end":{"line":3,"column":23}},"loc":{"start":{"line":3,"column":36},"end":{"line":6,"column":1}},"line":3},"1":{"name":"(anonymous_1)","decl":{"start":{"line":8,"column":18},"end":{"line":8,"column":19}},"loc":{"start":{"line":8,"column":57},"end":{"line":19,"column":1}},"line":8},"2":{"name":"(anonymous_2)","decl":{"start":{"line":21,"column":19},"end":{"line":21,"column":20}},"loc":{"start":{"line":21,"column":53},"end":{"line":34,"column":1}},"line":21},"3":{"name":"(anonymous_3)","decl":{"start":{"line":36,"column":21},"end":{"line":36,"column":22}},"loc":{"start":{"line":36,"column":35},"end":{"line":41,"column":1}},"line":36}},"branchMap":{"0":{"loc":{"start":{"line":29,"column":4},"end":{"line":31,"column":5}},"type":"if","locations":[{"start":{"line":29,"column":4},"end":{"line":31,"column":5}},{"start":{"line":29,"column":4},"end":{"line":31,"column":5}}],"line":29}},"s":{"0":4,"1":4,"2":3,"3":3,"4":4,"5":1,"6":1,"7":1,"8":4,"9":2,"10":2,"11":2,"12":2,"13":1,"14":2,"15":4,"16":2,"17":2},"f":{"0":3,"1":1,"2":2,"3":2},"b":{"0":[1,1]},"_coverageSchema":"1a1c01bbd47fc00a2c39e90264f33305004495a9","hash":"42d393de9cc2e474d329fb53e85ae501767cb45e"}
,"D:\\Development\\api-boilerplate\\src\\domains\\user\\user.services.js": {"path":"D:\\Development\\api-boilerplate\\src\\domains\\user\\user.services.js","statementMap":{"0":{"start":{"line":1,"column":17},"end":{"line":1,"column":36}},"1":{"start":{"line":2,"column":31},"end":{"line":2,"column":54}},"2":{"start":{"line":3,"column":23},"end":{"line":3,"column":51}},"3":{"start":{"line":4,"column":0},"end":{"line":7,"column":1}},"4":{"start":{"line":5,"column":30},"end":{"line":5,"column":71}},"5":{"start":{"line":6,"column":4},"end":{"line":6,"column":28}},"6":{"start":{"line":8,"column":0},"end":{"line":18,"column":1}},"7":{"start":{"line":10,"column":17},"end":{"line":14,"column":6}},"8":{"start":{"line":16,"column":4},"end":{"line":16,"column":15}},"9":{"start":{"line":20,"column":0},"end":{"line":26,"column":1}},"10":{"start":{"line":22,"column":21},"end":{"line":22,"column":50}},"11":{"start":{"line":23,"column":21},"end":{"line":23,"column":48}},"12":{"start":{"line":25,"column":4},"end":{"line":25,"column":19}},"13":{"start":{"line":28,"column":0},"end":{"line":32,"column":1}},"14":{"start":{"line":29,"column":21},"end":{"line":29,"column":40}},"15":{"start":{"line":30,"column":19},"end":{"line":30,"column":69}},"16":{"start":{"line":31,"column":4},"end":{"line":31,"column":17}},"17":{"start":{"line":34,"column":0},"end":{"line":40,"column":1}},"18":{"start":{"line":36,"column":17},"end":{"line":36,"column":58}},"19":{"start":{"line":38,"column":4},"end":{"line":38,"column":15}}},"fnMap":{"0":{"name":"(anonymous_0)","decl":{"start":{"line":4,"column":26},"end":{"line":4,"column":27}},"loc":{"start":{"line":4,"column":44},"end":{"line":7,"column":1}},"line":4},"1":{"name":"(anonymous_1)","decl":{"start":{"line":8,"column":19},"end":{"line":8,"column":20}},"loc":{"start":{"line":8,"column":33},"end":{"line":18,"column":1}},"line":8},"2":{"name":"(anonymous_2)","decl":{"start":{"line":20,"column":21},"end":{"line":20,"column":22}},"loc":{"start":{"line":20,"column":59},"end":{"line":26,"column":1}},"line":20},"3":{"name":"(anonymous_3)","decl":{"start":{"line":28,"column":21},"end":{"line":28,"column":22}},"loc":{"start":{"line":28,"column":54},"end":{"line":32,"column":1}},"line":28},"4":{"name":"(anonymous_4)","decl":{"start":{"line":34,"column":20},"end":{"line":34,"column":21}},"loc":{"start":{"line":34,"column":34},"end":{"line":40,"column":1}},"line":34}},"branchMap":{},"s":{"0":5,"1":5,"2":5,"3":5,"4":1,"5":1,"6":5,"7":2,"8":2,"9":5,"10":1,"11":1,"12":1,"13":5,"14":2,"15":2,"16":2,"17":5,"18":2,"19":2},"f":{"0":1,"1":2,"2":1,"3":2,"4":2},"b":{},"_coverageSchema":"1a1c01bbd47fc00a2c39e90264f33305004495a9","hash":"ec7f2721f43601dbd92b4f9b19f1ff3d5b70bd03"}
,"D:\\Development\\api-boilerplate\\src\\middlewares\\errorHandling.js": {"path":"D:\\Development\\api-boilerplate\\src\\middlewares\\errorHandling.js","statementMap":{"0":{"start":{"line":1,"column":0},"end":{"line":3,"column":1}},"1":{"start":{"line":2,"column":4},"end":{"line":2,"column":59}}},"fnMap":{"0":{"name":"(anonymous_0)","decl":{"start":{"line":1,"column":24},"end":{"line":1,"column":25}},"loc":{"start":{"line":1,"column":49},"end":{"line":3,"column":1}},"line":1}},"branchMap":{},"s":{"0":3,"1":1},"f":{"0":1},"b":{},"_coverageSchema":"1a1c01bbd47fc00a2c39e90264f33305004495a9","hash":"0c053d586408b0f2ac31adce1183c8553a42c7ff"}
,"D:\\Development\\api-boilerplate\\src\\models\\index.js": {"path":"D:\\Development\\api-boilerplate\\src\\models\\index.js","statementMap":{"0":{"start":{"line":3,"column":11},"end":{"line":3,"column":24}},"1":{"start":{"line":4,"column":13},"end":{"line":4,"column":28}},"2":{"start":{"line":5,"column":18},"end":{"line":5,"column":38}},"3":{"start":{"line":6,"column":17},"end":{"line":6,"column":42}},"4":{"start":{"line":8,"column":16},"end":{"line":8,"column":36}},"5":{"start":{"line":9,"column":15},"end":{"line":9,"column":31}},"6":{"start":{"line":10,"column":11},"end":{"line":10,"column":13}},"7":{"start":{"line":16,"column":2},"end":{"line":16,"column":95}},"8":{"start":{"line":19,"column":0},"end":{"line":27,"column":5}},"9":{"start":{"line":22,"column":4},"end":{"line":22,"column":90}},"10":{"start":{"line":25,"column":18},"end":{"line":25,"column":65}},"11":{"start":{"line":26,"column":4},"end":{"line":26,"column":27}},"12":{"start":{"line":29,"column":0},"end":{"line":33,"column":3}},"13":{"start":{"line":30,"column":2},"end":{"line":32,"column":3}},"14":{"start":{"line":31,"column":4},"end":{"line":31,"column":32}},"15":{"start":{"line":35,"column":0},"end":{"line":35,"column":25}},"16":{"start":{"line":36,"column":0},"end":{"line":36,"column":25}},"17":{"start":{"line":38,"column":0},"end":{"line":38,"column":20}}},"fnMap":{"0":{"name":"(anonymous_0)","decl":{"start":{"line":21,"column":10},"end":{"line":21,"column":11}},"loc":{"start":{"line":21,"column":18},"end":{"line":23,"column":3}},"line":21},"1":{"name":"(anonymous_1)","decl":{"start":{"line":24,"column":11},"end":{"line":24,"column":12}},"loc":{"start":{"line":24,"column":19},"end":{"line":27,"column":3}},"line":24},"2":{"name":"(anonymous_2)","decl":{"start":{"line":29,"column":24},"end":{"line":29,"column":25}},"loc":{"start":{"line":29,"column":37},"end":{"line":33,"column":1}},"line":29}},"branchMap":{"0":{"loc":{"start":{"line":22,"column":11},"end":{"line":22,"column":89}},"type":"binary-expr","locations":[{"start":{"line":22,"column":12},"end":{"line":22,"column":35}},{"start":{"line":22,"column":41},"end":{"line":22,"column":58}},{"start":{"line":22,"column":64},"end":{"line":22,"column":88}}],"line":22},"1":{"loc":{"start":{"line":30,"column":2},"end":{"line":32,"column":3}},"type":"if","locations":[{"start":{"line":30,"column":2},"end":{"line":32,"column":3}},{"start":{"line":30,"column":2},"end":{"line":32,"column":3}}],"line":30}},"s":{"0":5,"1":5,"2":5,"3":5,"4":5,"5":5,"6":5,"7":5,"8":5,"9":15,"10":10,"11":10,"12":5,"13":10,"14":10,"15":5,"16":5,"17":5},"f":{"0":15,"1":10,"2":10},"b":{"0":[15,15,10],"1":[10,0]},"_coverageSchema":"1a1c01bbd47fc00a2c39e90264f33305004495a9","hash":"e8f532053856ee8c6ee7af09271eaa6510c166a2"}
,"D:\\Development\\api-boilerplate\\src\\models\\user.js": {"path":"D:\\Development\\api-boilerplate\\src\\models\\user.js","statementMap":{"0":{"start":{"line":2,"column":0},"end":{"line":15,"column":2}},"1":{"start":{"line":3,"column":15},"end":{"line":7,"column":8}},"2":{"start":{"line":8,"column":2},"end":{"line":13,"column":4}},"3":{"start":{"line":10,"column":4},"end":{"line":12,"column":6}},"4":{"start":{"line":14,"column":2},"end":{"line":14,"column":14}}},"fnMap":{"0":{"name":"(anonymous_0)","decl":{"start":{"line":2,"column":17},"end":{"line":2,"column":18}},"loc":{"start":{"line":2,"column":43},"end":{"line":15,"column":1}},"line":2},"1":{"name":"(anonymous_1)","decl":{"start":{"line":8,"column":19},"end":{"line":8,"column":20}},"loc":{"start":{"line":8,"column":36},"end":{"line":13,"column":3}},"line":8}},"branchMap":{},"s":{"0":5,"1":5,"2":5,"3":5,"4":5},"f":{"0":5,"1":5},"b":{},"_coverageSchema":"1a1c01bbd47fc00a2c39e90264f33305004495a9","hash":"158f568ba7cb1a06a3af999459b731d63c340807"}
,"D:\\Development\\api-boilerplate\\src\\models\\user_session.js": {"path":"D:\\Development\\api-boilerplate\\src\\models\\user_session.js","statementMap":{"0":{"start":{"line":2,"column":0},"end":{"line":15,"column":2}},"1":{"start":{"line":3,"column":23},"end":{"line":7,"column":8}},"2":{"start":{"line":8,"column":2},"end":{"line":13,"column":4}},"3":{"start":{"line":10,"column":4},"end":{"line":12,"column":6}},"4":{"start":{"line":14,"column":2},"end":{"line":14,"column":22}}},"fnMap":{"0":{"name":"(anonymous_0)","decl":{"start":{"line":2,"column":17},"end":{"line":2,"column":18}},"loc":{"start":{"line":2,"column":43},"end":{"line":15,"column":1}},"line":2},"1":{"name":"(anonymous_1)","decl":{"start":{"line":8,"column":27},"end":{"line":8,"column":28}},"loc":{"start":{"line":8,"column":44},"end":{"line":13,"column":3}},"line":8}},"branchMap":{},"s":{"0":5,"1":5,"2":5,"3":5,"4":5},"f":{"0":5,"1":5},"b":{},"_coverageSchema":"1a1c01bbd47fc00a2c39e90264f33305004495a9","hash":"a0d740833e1ca99bd06069cc5a512346561bd2e5"}
,"D:\\Development\\api-boilerplate\\src\\routes\\index.js": {"path":"D:\\Development\\api-boilerplate\\src\\routes\\index.js","statementMap":{"0":{"start":{"line":2,"column":19},"end":{"line":2,"column":41}},"1":{"start":{"line":3,"column":26},"end":{"line":3,"column":65}},"2":{"start":{"line":4,"column":0},"end":{"line":14,"column":1}},"3":{"start":{"line":7,"column":4},"end":{"line":7,"column":55}},"4":{"start":{"line":8,"column":4},"end":{"line":8,"column":30}},"5":{"start":{"line":9,"column":4},"end":{"line":9,"column":26}},"6":{"start":{"line":11,"column":4},"end":{"line":11,"column":33}},"7":{"start":{"line":12,"column":4},"end":{"line":12,"column":33}}},"fnMap":{"0":{"name":"(anonymous_0)","decl":{"start":{"line":4,"column":17},"end":{"line":4,"column":18}},"loc":{"start":{"line":4,"column":26},"end":{"line":14,"column":1}},"line":4}},"branchMap":{},"s":{"0":2,"1":2,"2":2,"3":2,"4":2,"5":2,"6":2,"7":2},"f":{"0":2},"b":{},"_coverageSchema":"1a1c01bbd47fc00a2c39e90264f33305004495a9","hash":"af021a3f1003d7d75e71973ec7304ab8bc897854"}
,"D:\\Development\\api-boilerplate\\src\\routes\\test.routes.js": {"path":"D:\\Development\\api-boilerplate\\src\\routes\\test.routes.js","statementMap":{"0":{"start":{"line":1,"column":0},"end":{"line":11,"column":1}},"1":{"start":{"line":3,"column":4},"end":{"line":5,"column":6}},"2":{"start":{"line":4,"column":8},"end":{"line":4,"column":51}},"3":{"start":{"line":7,"column":4},"end":{"line":9,"column":6}},"4":{"start":{"line":8,"column":8},"end":{"line":8,"column":43}}},"fnMap":{"0":{"name":"(anonymous_0)","decl":{"start":{"line":1,"column":17},"end":{"line":1,"column":18}},"loc":{"start":{"line":1,"column":26},"end":{"line":11,"column":1}},"line":1},"1":{"name":"(anonymous_1)","decl":{"start":{"line":3,"column":28},"end":{"line":3,"column":29}},"loc":{"start":{"line":3,"column":48},"end":{"line":5,"column":5}},"line":3},"2":{"name":"(anonymous_2)","decl":{"start":{"line":7,"column":17},"end":{"line":7,"column":18}},"loc":{"start":{"line":7,"column":37},"end":{"line":9,"column":5}},"line":7}},"branchMap":{},"s":{"0":2,"1":2,"2":1,"3":2,"4":1},"f":{"0":2,"1":1,"2":1},"b":{},"_coverageSchema":"1a1c01bbd47fc00a2c39e90264f33305004495a9","hash":"38ffae1625f57b183eb98c5eb20d8f330dfaee33"}
,"D:\\Development\\api-boilerplate\\src\\routes\\user.routes.js": {"path":"D:\\Development\\api-boilerplate\\src\\routes\\user.routes.js","statementMap":{"0":{"start":{"line":1,"column":44},"end":{"line":1,"column":86}},"1":{"start":{"line":3,"column":0},"end":{"line":7,"column":1}},"2":{"start":{"line":4,"column":4},"end":{"line":4,"column":33}},"3":{"start":{"line":5,"column":4},"end":{"line":5,"column":33}},"4":{"start":{"line":6,"column":4},"end":{"line":6,"column":32}}},"fnMap":{"0":{"name":"(anonymous_0)","decl":{"start":{"line":3,"column":17},"end":{"line":3,"column":18}},"loc":{"start":{"line":3,"column":26},"end":{"line":7,"column":1}},"line":3}},"branchMap":{},"s":{"0":2,"1":2,"2":2,"3":2,"4":2},"f":{"0":2},"b":{},"_coverageSchema":"1a1c01bbd47fc00a2c39e90264f33305004495a9","hash":"817ff0d103bc22c7a8f25f184e0f47b32de95d55"}
}
