{"/Users/rentspree/work/kia/node_api_boilerplate/src/app.js": {"path":"/Users/rentspree/work/kia/node_api_boilerplate/src/app.js","statementMap":{"0":{"start":{"line":1,"column":16},"end":{"line":1,"column":34}},"1":{"start":{"line":2,"column":17},"end":{"line":2,"column":36}},"2":{"start":{"line":10,"column":12},"end":{"line":10,"column":21}},"3":{"start":{"line":11,"column":0},"end":{"line":11,"column":34}},"4":{"start":{"line":12,"column":0},"end":{"line":12,"column":31}},"5":{"start":{"line":13,"column":0},"end":{"line":13,"column":28}},"6":{"start":{"line":14,"column":0},"end":{"line":14,"column":25}},"7":{"start":{"line":16,"column":0},"end":{"line":16,"column":21}}},"fnMap":{},"branchMap":{},"s":{"0":3,"1":3,"2":3,"3":3,"4":3,"5":3,"6":3,"7":3},"f":{},"b":{},"_coverageSchema":"1a1c01bbd47fc00a2c39e90264f33305004495a9","hash":"25446fbb9a38f8f8ef317efd6f19549f596e6092"}
,"/Users/rentspree/work/kia/node_api_boilerplate/src/config/authentication.js": {"path":"/Users/rentspree/work/kia/node_api_boilerplate/src/config/authentication.js","statementMap":{"0":{"start":{"line":1,"column":0},"end":{"line":3,"column":2}}},"fnMap":{},"branchMap":{},"s":{"0":12},"f":{},"b":{},"_coverageSchema":"1a1c01bbd47fc00a2c39e90264f33305004495a9","hash":"5e6a99ee8b6984e802aa18470dafd2c7ad5c2a16"}
,"/Users/rentspree/work/kia/node_api_boilerplate/src/config/database.js": {"path":"/Users/rentspree/work/kia/node_api_boilerplate/src/config/database.js","statementMap":{"0":{"start":{"line":1,"column":0},"end":{"line":34,"column":2}}},"fnMap":{},"branchMap":{"0":{"loc":{"start":{"line":3,"column":18},"end":{"line":3,"column":65}},"type":"binary-expr","locations":[{"start":{"line":3,"column":18},"end":{"line":3,"column":39}},{"start":{"line":3,"column":43},"end":{"line":3,"column":65}}],"line":3},"1":{"loc":{"start":{"line":4,"column":18},"end":{"line":4,"column":51}},"type":"binary-expr","locations":[{"start":{"line":4,"column":18},"end":{"line":4,"column":41}},{"start":{"line":4,"column":45},"end":{"line":4,"column":51}}],"line":4},"2":{"loc":{"start":{"line":5,"column":18},"end":{"line":5,"column":51}},"type":"binary-expr","locations":[{"start":{"line":5,"column":18},"end":{"line":5,"column":41}},{"start":{"line":5,"column":45},"end":{"line":5,"column":51}}],"line":5},"3":{"loc":{"start":{"line":7,"column":18},"end":{"line":7,"column":52}},"type":"binary-expr","locations":[{"start":{"line":7,"column":18},"end":{"line":7,"column":37}},{"start":{"line":7,"column":41},"end":{"line":7,"column":52}}],"line":7},"4":{"loc":{"start":{"line":13,"column":18},"end":{"line":13,"column":65}},"type":"binary-expr","locations":[{"start":{"line":13,"column":18},"end":{"line":13,"column":39}},{"start":{"line":13,"column":43},"end":{"line":13,"column":65}}],"line":13},"5":{"loc":{"start":{"line":14,"column":18},"end":{"line":14,"column":51}},"type":"binary-expr","locations":[{"start":{"line":14,"column":18},"end":{"line":14,"column":41}},{"start":{"line":14,"column":45},"end":{"line":14,"column":51}}],"line":14},"6":{"loc":{"start":{"line":15,"column":18},"end":{"line":15,"column":51}},"type":"binary-expr","locations":[{"start":{"line":15,"column":18},"end":{"line":15,"column":41}},{"start":{"line":15,"column":45},"end":{"line":15,"column":51}}],"line":15},"7":{"loc":{"start":{"line":17,"column":18},"end":{"line":17,"column":52}},"type":"binary-expr","locations":[{"start":{"line":17,"column":18},"end":{"line":17,"column":37}},{"start":{"line":17,"column":41},"end":{"line":17,"column":52}}],"line":17},"8":{"loc":{"start":{"line":23,"column":18},"end":{"line":23,"column":64}},"type":"binary-expr","locations":[{"start":{"line":23,"column":18},"end":{"line":23,"column":39}},{"start":{"line":23,"column":43},"end":{"line":23,"column":64}}],"line":23},"9":{"loc":{"start":{"line":24,"column":18},"end":{"line":24,"column":51}},"type":"binary-expr","locations":[{"start":{"line":24,"column":18},"end":{"line":24,"column":41}},{"start":{"line":24,"column":45},"end":{"line":24,"column":51}}],"line":24},"10":{"loc":{"start":{"line":25,"column":18},"end":{"line":25,"column":51}},"type":"binary-expr","locations":[{"start":{"line":25,"column":18},"end":{"line":25,"column":41}},{"start":{"line":25,"column":45},"end":{"line":25,"column":51}}],"line":25},"11":{"loc":{"start":{"line":27,"column":18},"end":{"line":27,"column":52}},"type":"binary-expr","locations":[{"start":{"line":27,"column":18},"end":{"line":27,"column":37}},{"start":{"line":27,"column":41},"end":{"line":27,"column":52}}],"line":27}},"s":{"0":12},"f":{},"b":{"0":[12,12],"1":[12,12],"2":[12,12],"3":[12,12],"4":[12,12],"5":[12,12],"6":[12,12],"7":[12,12],"8":[12,12],"9":[12,12],"10":[12,12],"11":[12,12]},"_coverageSchema":"1a1c01bbd47fc00a2c39e90264f33305004495a9","hash":"4940ab50e2873fc7d2c8d18f00aa05a4a5726728"}
,"/Users/rentspree/work/kia/node_api_boilerplate/src/config/index.js": {"path":"/Users/rentspree/work/kia/node_api_boilerplate/src/config/index.js","statementMap":{"0":{"start":{"line":1,"column":11},"end":{"line":1,"column":24}},"1":{"start":{"line":2,"column":13},"end":{"line":2,"column":28}},"2":{"start":{"line":4,"column":22},"end":{"line":4,"column":24}},"3":{"start":{"line":5,"column":14},"end":{"line":5,"column":39}},"4":{"start":{"line":6,"column":0},"end":{"line":13,"column":1}},"5":{"start":{"line":7,"column":4},"end":{"line":9,"column":5}},"6":{"start":{"line":8,"column":8},"end":{"line":8,"column":17}},"7":{"start":{"line":10,"column":21},"end":{"line":10,"column":41}},"8":{"start":{"line":11,"column":16},"end":{"line":11,"column":39}},"9":{"start":{"line":12,"column":4},"end":{"line":12,"column":41}},"10":{"start":{"line":15,"column":0},"end":{"line":18,"column":2}}},"fnMap":{},"branchMap":{"0":{"loc":{"start":{"line":7,"column":4},"end":{"line":9,"column":5}},"type":"if","locations":[{"start":{"line":7,"column":4},"end":{"line":9,"column":5}},{"start":{"line":7,"column":4},"end":{"line":9,"column":5}}],"line":7},"1":{"loc":{"start":{"line":16,"column":10},"end":{"line":16,"column":34}},"type":"binary-expr","locations":[{"start":{"line":16,"column":10},"end":{"line":16,"column":26}},{"start":{"line":16,"column":30},"end":{"line":16,"column":34}}],"line":16}},"s":{"0":12,"1":12,"2":12,"3":12,"4":12,"5":60,"6":12,"7":48,"8":48,"9":48,"10":12},"f":{},"b":{"0":[12,48],"1":[12,12]},"_coverageSchema":"1a1c01bbd47fc00a2c39e90264f33305004495a9","hash":"0eee03433b023f4aa9640744d5417462945ea9bd"}
,"/Users/rentspree/work/kia/node_api_boilerplate/src/config/user.js": {"path":"/Users/rentspree/work/kia/node_api_boilerplate/src/config/user.js","statementMap":{"0":{"start":{"line":1,"column":0},"end":{"line":3,"column":2}}},"fnMap":{},"branchMap":{},"s":{"0":12},"f":{},"b":{},"_coverageSchema":"1a1c01bbd47fc00a2c39e90264f33305004495a9","hash":"f9e78a8a6b0d3da7aef6c504057e216b1fae27c4"}
,"/Users/rentspree/work/kia/node_api_boilerplate/src/domains/authentication/authentication.controller.js": {"path":"/Users/rentspree/work/kia/node_api_boilerplate/src/domains/authentication/authentication.controller.js","statementMap":{"0":{"start":{"line":1,"column":61},"end":{"line":1,"column":94}},"1":{"start":{"line":3,"column":0},"end":{"line":12,"column":1}},"2":{"start":{"line":4,"column":4},"end":{"line":11,"column":5}},"3":{"start":{"line":5,"column":36},"end":{"line":5,"column":44}},"4":{"start":{"line":7,"column":23},"end":{"line":7,"column":58}},"5":{"start":{"line":8,"column":8},"end":{"line":8,"column":43}},"6":{"start":{"line":10,"column":8},"end":{"line":10,"column":19}},"7":{"start":{"line":14,"column":0},"end":{"line":28,"column":1}},"8":{"start":{"line":15,"column":4},"end":{"line":27,"column":5}},"9":{"start":{"line":16,"column":34},"end":{"line":16,"column":45}},"10":{"start":{"line":18,"column":22},"end":{"line":18,"column":47}},"11":{"start":{"line":19,"column":25},"end":{"line":19,"column":51}},"12":{"start":{"line":20,"column":8},"end":{"line":24,"column":9}},"13":{"start":{"line":21,"column":12},"end":{"line":21,"column":55}},"14":{"start":{"line":23,"column":12},"end":{"line":23,"column":74}},"15":{"start":{"line":26,"column":8},"end":{"line":26,"column":19}},"16":{"start":{"line":30,"column":0},"end":{"line":47,"column":1}},"17":{"start":{"line":31,"column":4},"end":{"line":46,"column":5}},"18":{"start":{"line":32,"column":34},"end":{"line":32,"column":45}},"19":{"start":{"line":33,"column":30},"end":{"line":33,"column":46}},"20":{"start":{"line":34,"column":22},"end":{"line":34,"column":47}},"21":{"start":{"line":36,"column":45},"end":{"line":36,"column":79}},"22":{"start":{"line":38,"column":8},"end":{"line":42,"column":9}},"23":{"start":{"line":39,"column":12},"end":{"line":39,"column":75}},"24":{"start":{"line":41,"column":12},"end":{"line":41,"column":71}},"25":{"start":{"line":45,"column":8},"end":{"line":45,"column":19}}},"fnMap":{"0":{"name":"(anonymous_0)","decl":{"start":{"line":3,"column":16},"end":{"line":3,"column":17}},"loc":{"start":{"line":3,"column":42},"end":{"line":12,"column":1}},"line":3},"1":{"name":"(anonymous_1)","decl":{"start":{"line":14,"column":21},"end":{"line":14,"column":22}},"loc":{"start":{"line":14,"column":47},"end":{"line":28,"column":1}},"line":14},"2":{"name":"(anonymous_2)","decl":{"start":{"line":30,"column":17},"end":{"line":30,"column":18}},"loc":{"start":{"line":30,"column":43},"end":{"line":47,"column":1}},"line":30}},"branchMap":{"0":{"loc":{"start":{"line":20,"column":8},"end":{"line":24,"column":9}},"type":"if","locations":[{"start":{"line":20,"column":8},"end":{"line":24,"column":9}},{"start":{"line":20,"column":8},"end":{"line":24,"column":9}}],"line":20},"1":{"loc":{"start":{"line":38,"column":8},"end":{"line":42,"column":9}},"type":"if","locations":[{"start":{"line":38,"column":8},"end":{"line":42,"column":9}},{"start":{"line":38,"column":8},"end":{"line":42,"column":9}}],"line":38}},"s":{"0":4,"1":4,"2":4,"3":4,"4":4,"5":1,"6":3,"7":4,"8":3,"9":3,"10":3,"11":3,"12":2,"13":1,"14":1,"15":1,"16":4,"17":3,"18":3,"19":3,"20":3,"21":3,"22":2,"23":1,"24":1,"25":1},"f":{"0":4,"1":3,"2":3},"b":{"0":[1,1],"1":[1,1]},"_coverageSchema":"1a1c01bbd47fc00a2c39e90264f33305004495a9","hash":"2573eac00ba46fc6b78f771a97a64ff774975a1a"}
,"/Users/rentspree/work/kia/node_api_boilerplate/src/domains/authentication/authentication.flows.js": {"path":"/Users/rentspree/work/kia/node_api_boilerplate/src/domains/authentication/authentication.flows.js","statementMap":{"0":{"start":{"line":3,"column":54},"end":{"line":3,"column":90}},"1":{"start":{"line":4,"column":15},"end":{"line":4,"column":47}},"2":{"start":{"line":5,"column":0},"end":{"line":5,"column":25}},"3":{"start":{"line":6,"column":0},"end":{"line":24,"column":1}},"4":{"start":{"line":8,"column":17},"end":{"line":8,"column":46}},"5":{"start":{"line":9,"column":4},"end":{"line":11,"column":5}},"6":{"start":{"line":10,"column":8},"end":{"line":10,"column":23}},"7":{"start":{"line":12,"column":34},"end":{"line":12,"column":82}},"8":{"start":{"line":14,"column":4},"end":{"line":22,"column":5}},"9":{"start":{"line":15,"column":26},"end":{"line":15,"column":36}},"10":{"start":{"line":16,"column":8},"end":{"line":16,"column":55}},"11":{"start":{"line":17,"column":25},"end":{"line":17,"column":97}},"12":{"start":{"line":18,"column":8},"end":{"line":18,"column":65}},"13":{"start":{"line":19,"column":8},"end":{"line":19,"column":33}},"14":{"start":{"line":21,"column":8},"end":{"line":21,"column":23}},"15":{"start":{"line":26,"column":0},"end":{"line":35,"column":1}},"16":{"start":{"line":27,"column":26},"end":{"line":27,"column":48}},"17":{"start":{"line":28,"column":25},"end":{"line":28,"column":77}},"18":{"start":{"line":30,"column":4},"end":{"line":34,"column":5}},"19":{"start":{"line":31,"column":8},"end":{"line":31,"column":19}},"20":{"start":{"line":33,"column":7},"end":{"line":33,"column":19}},"21":{"start":{"line":37,"column":0},"end":{"line":40,"column":1}},"22":{"start":{"line":38,"column":18},"end":{"line":38,"column":45}},"23":{"start":{"line":39,"column":4},"end":{"line":39,"column":16}},"24":{"start":{"line":42,"column":0},"end":{"line":45,"column":1}},"25":{"start":{"line":43,"column":19},"end":{"line":43,"column":70}},"26":{"start":{"line":44,"column":4},"end":{"line":44,"column":17}}},"fnMap":{"0":{"name":"(anonymous_0)","decl":{"start":{"line":6,"column":23},"end":{"line":6,"column":24}},"loc":{"start":{"line":6,"column":49},"end":{"line":24,"column":1}},"line":6},"1":{"name":"(anonymous_1)","decl":{"start":{"line":26,"column":24},"end":{"line":26,"column":25}},"loc":{"start":{"line":26,"column":40},"end":{"line":35,"column":1}},"line":26},"2":{"name":"(anonymous_2)","decl":{"start":{"line":37,"column":21},"end":{"line":37,"column":22}},"loc":{"start":{"line":37,"column":40},"end":{"line":40,"column":1}},"line":37},"3":{"name":"(anonymous_3)","decl":{"start":{"line":42,"column":18},"end":{"line":42,"column":19}},"loc":{"start":{"line":42,"column":49},"end":{"line":45,"column":1}},"line":42}},"branchMap":{"0":{"loc":{"start":{"line":9,"column":4},"end":{"line":11,"column":5}},"type":"if","locations":[{"start":{"line":9,"column":4},"end":{"line":11,"column":5}},{"start":{"line":9,"column":4},"end":{"line":11,"column":5}}],"line":9},"1":{"loc":{"start":{"line":14,"column":4},"end":{"line":22,"column":5}},"type":"if","locations":[{"start":{"line":14,"column":4},"end":{"line":22,"column":5}},{"start":{"line":14,"column":4},"end":{"line":22,"column":5}}],"line":14},"2":{"loc":{"start":{"line":30,"column":4},"end":{"line":34,"column":5}},"type":"if","locations":[{"start":{"line":30,"column":4},"end":{"line":34,"column":5}},{"start":{"line":30,"column":4},"end":{"line":34,"column":5}}],"line":30}},"s":{"0":5,"1":5,"2":5,"3":5,"4":5,"5":3,"6":1,"7":2,"8":2,"9":1,"10":1,"11":1,"12":1,"13":1,"14":1,"15":5,"16":2,"17":2,"18":2,"19":1,"20":1,"21":5,"22":1,"23":1,"24":5,"25":1,"26":1},"f":{"0":5,"1":2,"2":1,"3":1},"b":{"0":[1,2],"1":[1,1],"2":[1,1]},"_coverageSchema":"1a1c01bbd47fc00a2c39e90264f33305004495a9","hash":"5764f8aa3b12afdaeda64a7b8a0f83655096b86f"}
,"/Users/rentspree/work/kia/node_api_boilerplate/src/domains/authentication/authentication.services.js": {"path":"/Users/rentspree/work/kia/node_api_boilerplate/src/domains/authentication/authentication.services.js","statementMap":{"0":{"start":{"line":1,"column":31},"end":{"line":1,"column":54}},"1":{"start":{"line":2,"column":10},"end":{"line":2,"column":31}},"2":{"start":{"line":3,"column":17},"end":{"line":3,"column":36}},"3":{"start":{"line":4,"column":27},"end":{"line":4,"column":50}},"4":{"start":{"line":5,"column":0},"end":{"line":11,"column":1}},"5":{"start":{"line":7,"column":17},"end":{"line":7,"column":64}},"6":{"start":{"line":9,"column":4},"end":{"line":9,"column":15}},"7":{"start":{"line":12,"column":0},"end":{"line":20,"column":1}},"8":{"start":{"line":14,"column":25},"end":{"line":16,"column":6}},"9":{"start":{"line":18,"column":4},"end":{"line":18,"column":23}},"10":{"start":{"line":22,"column":0},"end":{"line":27,"column":1}},"11":{"start":{"line":24,"column":19},"end":{"line":24,"column":117}},"12":{"start":{"line":26,"column":4},"end":{"line":26,"column":17}},"13":{"start":{"line":29,"column":0},"end":{"line":34,"column":1}},"14":{"start":{"line":31,"column":19},"end":{"line":31,"column":66}},"15":{"start":{"line":33,"column":4},"end":{"line":33,"column":17}},"16":{"start":{"line":36,"column":0},"end":{"line":41,"column":1}},"17":{"start":{"line":38,"column":16},"end":{"line":38,"column":61}},"18":{"start":{"line":40,"column":4},"end":{"line":40,"column":16}},"19":{"start":{"line":43,"column":0},"end":{"line":48,"column":1}},"20":{"start":{"line":45,"column":23},"end":{"line":45,"column":66}},"21":{"start":{"line":47,"column":4},"end":{"line":47,"column":23}},"22":{"start":{"line":50,"column":0},"end":{"line":53,"column":1}},"23":{"start":{"line":51,"column":19},"end":{"line":51,"column":95}},"24":{"start":{"line":52,"column":4},"end":{"line":52,"column":17}}},"fnMap":{"0":{"name":"(anonymous_0)","decl":{"start":{"line":5,"column":26},"end":{"line":5,"column":27}},"loc":{"start":{"line":5,"column":43},"end":{"line":11,"column":1}},"line":5},"1":{"name":"(anonymous_1)","decl":{"start":{"line":12,"column":35},"end":{"line":12,"column":36}},"loc":{"start":{"line":12,"column":67},"end":{"line":20,"column":1}},"line":12},"2":{"name":"(anonymous_2)","decl":{"start":{"line":22,"column":32},"end":{"line":22,"column":33}},"loc":{"start":{"line":22,"column":58},"end":{"line":27,"column":1}},"line":22},"3":{"name":"(anonymous_3)","decl":{"start":{"line":29,"column":28},"end":{"line":29,"column":29}},"loc":{"start":{"line":29,"column":63},"end":{"line":34,"column":1}},"line":29},"4":{"name":"(anonymous_4)","decl":{"start":{"line":36,"column":20},"end":{"line":36,"column":21}},"loc":{"start":{"line":36,"column":39},"end":{"line":41,"column":1}},"line":36},"5":{"name":"(anonymous_5)","decl":{"start":{"line":43,"column":20},"end":{"line":43,"column":21}},"loc":{"start":{"line":43,"column":37},"end":{"line":48,"column":1}},"line":43},"6":{"name":"(anonymous_6)","decl":{"start":{"line":50,"column":30},"end":{"line":50,"column":31}},"loc":{"start":{"line":50,"column":69},"end":{"line":53,"column":1}},"line":50}},"branchMap":{},"s":{"0":6,"1":6,"2":6,"3":6,"4":6,"5":4,"6":2,"7":6,"8":1,"9":1,"10":6,"11":1,"12":1,"13":6,"14":2,"15":2,"16":6,"17":1,"18":1,"19":6,"20":1,"21":1,"22":6,"23":1,"24":1},"f":{"0":4,"1":1,"2":1,"3":2,"4":1,"5":1,"6":1},"b":{},"_coverageSchema":"1a1c01bbd47fc00a2c39e90264f33305004495a9","hash":"7d7bcc6fc410121147a181ec106cdef74d5bcb39"}
,"/Users/rentspree/work/kia/node_api_boilerplate/src/domains/authentication/authentication.validator.js": {"path":"/Users/rentspree/work/kia/node_api_boilerplate/src/domains/authentication/authentication.validator.js","statementMap":{"0":{"start":{"line":1,"column":18},"end":{"line":1,"column":46}},"1":{"start":{"line":3,"column":0},"end":{"line":13,"column":1}},"2":{"start":{"line":4,"column":2},"end":{"line":12,"column":3}},"3":{"start":{"line":6,"column":8},"end":{"line":9,"column":9}}},"fnMap":{"0":{"name":"(anonymous_0)","decl":{"start":{"line":3,"column":19},"end":{"line":3,"column":20}},"loc":{"start":{"line":3,"column":31},"end":{"line":13,"column":1}},"line":3}},"branchMap":{"0":{"loc":{"start":{"line":4,"column":2},"end":{"line":12,"column":3}},"type":"switch","locations":[{"start":{"line":5,"column":4},"end":{"line":10,"column":5}}],"line":4}},"s":{"0":3,"1":3,"2":3,"3":3},"f":{"0":3},"b":{"0":[3]},"_coverageSchema":"1a1c01bbd47fc00a2c39e90264f33305004495a9","hash":"f828710f39132f8d6fb10b0fddd61d3e8da0a56b"}
,"/Users/rentspree/work/kia/node_api_boilerplate/src/domains/user/user.controller.js": {"path":"/Users/rentspree/work/kia/node_api_boilerplate/src/domains/user/user.controller.js","statementMap":{"0":{"start":{"line":1,"column":29},"end":{"line":1,"column":57}},"1":{"start":{"line":3,"column":55},"end":{"line":3,"column":78}},"2":{"start":{"line":4,"column":16},"end":{"line":4,"column":39}},"3":{"start":{"line":5,"column":19},"end":{"line":5,"column":31}},"4":{"start":{"line":7,"column":0},"end":{"line":20,"column":2}},"5":{"start":{"line":8,"column":2},"end":{"line":19,"column":3}},"6":{"start":{"line":9,"column":19},"end":{"line":9,"column":29}},"7":{"start":{"line":10,"column":18},"end":{"line":10,"column":39}},"8":{"start":{"line":11,"column":4},"end":{"line":15,"column":5}},"9":{"start":{"line":12,"column":6},"end":{"line":12,"column":41}},"10":{"start":{"line":14,"column":6},"end":{"line":14,"column":38}},"11":{"start":{"line":17,"column":4},"end":{"line":17,"column":15}},"12":{"start":{"line":22,"column":0},"end":{"line":30,"column":2}},"13":{"start":{"line":23,"column":2},"end":{"line":29,"column":3}},"14":{"start":{"line":24,"column":42},"end":{"line":24,"column":50}},"15":{"start":{"line":25,"column":18},"end":{"line":25,"column":62}},"16":{"start":{"line":26,"column":4},"end":{"line":26,"column":39}},"17":{"start":{"line":28,"column":4},"end":{"line":28,"column":15}},"18":{"start":{"line":32,"column":0},"end":{"line":45,"column":2}},"19":{"start":{"line":33,"column":2},"end":{"line":44,"column":3}},"20":{"start":{"line":34,"column":19},"end":{"line":34,"column":29}},"21":{"start":{"line":35,"column":32},"end":{"line":35,"column":40}},"22":{"start":{"line":36,"column":23},"end":{"line":36,"column":62}},"23":{"start":{"line":37,"column":4},"end":{"line":41,"column":5}},"24":{"start":{"line":38,"column":6},"end":{"line":38,"column":70}},"25":{"start":{"line":40,"column":6},"end":{"line":40,"column":64}},"26":{"start":{"line":43,"column":4},"end":{"line":43,"column":15}},"27":{"start":{"line":47,"column":0},"end":{"line":60,"column":2}},"28":{"start":{"line":48,"column":2},"end":{"line":59,"column":3}},"29":{"start":{"line":49,"column":19},"end":{"line":49,"column":29}},"30":{"start":{"line":50,"column":23},"end":{"line":50,"column":43}},"31":{"start":{"line":51,"column":4},"end":{"line":55,"column":5}},"32":{"start":{"line":52,"column":6},"end":{"line":52,"column":68}},"33":{"start":{"line":54,"column":6},"end":{"line":54,"column":62}},"34":{"start":{"line":58,"column":4},"end":{"line":58,"column":15}}},"fnMap":{"0":{"name":"(anonymous_0)","decl":{"start":{"line":7,"column":18},"end":{"line":7,"column":19}},"loc":{"start":{"line":7,"column":44},"end":{"line":20,"column":1}},"line":7},"1":{"name":"(anonymous_1)","decl":{"start":{"line":22,"column":21},"end":{"line":22,"column":22}},"loc":{"start":{"line":22,"column":47},"end":{"line":30,"column":1}},"line":22},"2":{"name":"(anonymous_2)","decl":{"start":{"line":32,"column":21},"end":{"line":32,"column":22}},"loc":{"start":{"line":32,"column":47},"end":{"line":45,"column":1}},"line":32},"3":{"name":"(anonymous_3)","decl":{"start":{"line":47,"column":21},"end":{"line":47,"column":22}},"loc":{"start":{"line":47,"column":47},"end":{"line":60,"column":1}},"line":47}},"branchMap":{"0":{"loc":{"start":{"line":11,"column":4},"end":{"line":15,"column":5}},"type":"if","locations":[{"start":{"line":11,"column":4},"end":{"line":15,"column":5}},{"start":{"line":11,"column":4},"end":{"line":15,"column":5}}],"line":11},"1":{"loc":{"start":{"line":37,"column":4},"end":{"line":41,"column":5}},"type":"if","locations":[{"start":{"line":37,"column":4},"end":{"line":41,"column":5}},{"start":{"line":37,"column":4},"end":{"line":41,"column":5}}],"line":37},"2":{"loc":{"start":{"line":51,"column":4},"end":{"line":55,"column":5}},"type":"if","locations":[{"start":{"line":51,"column":4},"end":{"line":55,"column":5}},{"start":{"line":51,"column":4},"end":{"line":55,"column":5}}],"line":51}},"s":{"0":4,"1":4,"2":4,"3":4,"4":4,"5":3,"6":3,"7":3,"8":2,"9":1,"10":1,"11":1,"12":4,"13":4,"14":4,"15":4,"16":2,"17":2,"18":4,"19":3,"20":3,"21":3,"22":3,"23":2,"24":1,"25":1,"26":1,"27":4,"28":3,"29":3,"30":3,"31":2,"32":1,"33":1,"34":1},"f":{"0":3,"1":4,"2":3,"3":3},"b":{"0":[1,1],"1":[1,1],"2":[1,1]},"_coverageSchema":"1a1c01bbd47fc00a2c39e90264f33305004495a9","hash":"8119727b45fc4974049e5f3b13c318921bfd663e"}
,"/Users/rentspree/work/kia/node_api_boilerplate/src/domains/user/user.flows.js": {"path":"/Users/rentspree/work/kia/node_api_boilerplate/src/domains/user/user.flows.js","statementMap":{"0":{"start":{"line":1,"column":75},"end":{"line":1,"column":101}},"1":{"start":{"line":3,"column":0},"end":{"line":6,"column":2}},"2":{"start":{"line":4,"column":19},"end":{"line":4,"column":38}},"3":{"start":{"line":5,"column":4},"end":{"line":5,"column":18}},"4":{"start":{"line":8,"column":0},"end":{"line":19,"column":2}},"5":{"start":{"line":10,"column":21},"end":{"line":14,"column":5}},"6":{"start":{"line":16,"column":19},"end":{"line":16,"column":45}},"7":{"start":{"line":18,"column":4},"end":{"line":18,"column":18}},"8":{"start":{"line":21,"column":0},"end":{"line":31,"column":1}},"9":{"start":{"line":23,"column":24},"end":{"line":26,"column":5}},"10":{"start":{"line":27,"column":19},"end":{"line":27,"column":52}},"11":{"start":{"line":29,"column":4},"end":{"line":29,"column":17}},"12":{"start":{"line":33,"column":0},"end":{"line":38,"column":2}},"13":{"start":{"line":35,"column":19},"end":{"line":35,"column":40}},"14":{"start":{"line":37,"column":4},"end":{"line":37,"column":18}}},"fnMap":{"0":{"name":"(anonymous_0)","decl":{"start":{"line":3,"column":22},"end":{"line":3,"column":23}},"loc":{"start":{"line":3,"column":36},"end":{"line":6,"column":1}},"line":3},"1":{"name":"(anonymous_1)","decl":{"start":{"line":8,"column":18},"end":{"line":8,"column":19}},"loc":{"start":{"line":8,"column":57},"end":{"line":19,"column":1}},"line":8},"2":{"name":"(anonymous_2)","decl":{"start":{"line":21,"column":19},"end":{"line":21,"column":20}},"loc":{"start":{"line":21,"column":53},"end":{"line":31,"column":1}},"line":21},"3":{"name":"(anonymous_3)","decl":{"start":{"line":33,"column":21},"end":{"line":33,"column":22}},"loc":{"start":{"line":33,"column":35},"end":{"line":38,"column":1}},"line":33}},"branchMap":{},"s":{"0":5,"1":5,"2":2,"3":2,"4":5,"5":2,"6":2,"7":1,"8":5,"9":2,"10":2,"11":2,"12":5,"13":2,"14":2},"f":{"0":2,"1":2,"2":2,"3":2},"b":{},"_coverageSchema":"1a1c01bbd47fc00a2c39e90264f33305004495a9","hash":"95e29e5e5638ace3c54fcf723a735a5a032ce88f"}
,"/Users/rentspree/work/kia/node_api_boilerplate/src/domains/user/user.services.js": {"path":"/Users/rentspree/work/kia/node_api_boilerplate/src/domains/user/user.services.js","statementMap":{"0":{"start":{"line":1,"column":17},"end":{"line":1,"column":36}},"1":{"start":{"line":2,"column":31},"end":{"line":2,"column":54}},"2":{"start":{"line":3,"column":23},"end":{"line":3,"column":51}},"3":{"start":{"line":4,"column":0},"end":{"line":7,"column":1}},"4":{"start":{"line":5,"column":30},"end":{"line":5,"column":71}},"5":{"start":{"line":6,"column":4},"end":{"line":6,"column":28}},"6":{"start":{"line":8,"column":0},"end":{"line":18,"column":1}},"7":{"start":{"line":10,"column":17},"end":{"line":14,"column":6}},"8":{"start":{"line":16,"column":4},"end":{"line":16,"column":15}},"9":{"start":{"line":20,"column":0},"end":{"line":26,"column":1}},"10":{"start":{"line":22,"column":21},"end":{"line":22,"column":50}},"11":{"start":{"line":23,"column":21},"end":{"line":23,"column":48}},"12":{"start":{"line":25,"column":4},"end":{"line":25,"column":19}},"13":{"start":{"line":28,"column":0},"end":{"line":32,"column":1}},"14":{"start":{"line":29,"column":21},"end":{"line":29,"column":40}},"15":{"start":{"line":30,"column":19},"end":{"line":30,"column":69}},"16":{"start":{"line":31,"column":4},"end":{"line":31,"column":17}},"17":{"start":{"line":34,"column":0},"end":{"line":40,"column":1}},"18":{"start":{"line":36,"column":17},"end":{"line":36,"column":58}},"19":{"start":{"line":38,"column":4},"end":{"line":38,"column":15}}},"fnMap":{"0":{"name":"(anonymous_0)","decl":{"start":{"line":4,"column":26},"end":{"line":4,"column":27}},"loc":{"start":{"line":4,"column":44},"end":{"line":7,"column":1}},"line":4},"1":{"name":"(anonymous_1)","decl":{"start":{"line":8,"column":19},"end":{"line":8,"column":20}},"loc":{"start":{"line":8,"column":33},"end":{"line":18,"column":1}},"line":8},"2":{"name":"(anonymous_2)","decl":{"start":{"line":20,"column":21},"end":{"line":20,"column":22}},"loc":{"start":{"line":20,"column":59},"end":{"line":26,"column":1}},"line":20},"3":{"name":"(anonymous_3)","decl":{"start":{"line":28,"column":21},"end":{"line":28,"column":22}},"loc":{"start":{"line":28,"column":54},"end":{"line":32,"column":1}},"line":28},"4":{"name":"(anonymous_4)","decl":{"start":{"line":34,"column":20},"end":{"line":34,"column":21}},"loc":{"start":{"line":34,"column":34},"end":{"line":40,"column":1}},"line":34}},"branchMap":{},"s":{"0":6,"1":6,"2":6,"3":6,"4":2,"5":2,"6":6,"7":1,"8":1,"9":6,"10":2,"11":2,"12":1,"13":6,"14":2,"15":2,"16":2,"17":6,"18":2,"19":2},"f":{"0":2,"1":1,"2":2,"3":2,"4":2},"b":{},"_coverageSchema":"1a1c01bbd47fc00a2c39e90264f33305004495a9","hash":"f5f7f824f077d9fe37e4d6c8fb1b86538168a77e"}
,"/Users/rentspree/work/kia/node_api_boilerplate/src/domains/user/user.validator.js": {"path":"/Users/rentspree/work/kia/node_api_boilerplate/src/domains/user/user.validator.js","statementMap":{"0":{"start":{"line":1,"column":18},"end":{"line":1,"column":46}},"1":{"start":{"line":3,"column":0},"end":{"line":30,"column":1}},"2":{"start":{"line":4,"column":2},"end":{"line":29,"column":3}},"3":{"start":{"line":6,"column":8},"end":{"line":8,"column":9}},"4":{"start":{"line":11,"column":8},"end":{"line":15,"column":9}},"5":{"start":{"line":18,"column":8},"end":{"line":22,"column":9}},"6":{"start":{"line":25,"column":8},"end":{"line":27,"column":9}}},"fnMap":{"0":{"name":"(anonymous_0)","decl":{"start":{"line":3,"column":19},"end":{"line":3,"column":20}},"loc":{"start":{"line":3,"column":31},"end":{"line":30,"column":1}},"line":3}},"branchMap":{"0":{"loc":{"start":{"line":4,"column":2},"end":{"line":29,"column":3}},"type":"switch","locations":[{"start":{"line":5,"column":4},"end":{"line":9,"column":5}},{"start":{"line":10,"column":4},"end":{"line":16,"column":5}},{"start":{"line":17,"column":4},"end":{"line":23,"column":5}},{"start":{"line":24,"column":4},"end":{"line":28,"column":5}}],"line":4}},"s":{"0":3,"1":3,"2":12,"3":3,"4":3,"5":3,"6":3},"f":{"0":12},"b":{"0":[3,3,3,3]},"_coverageSchema":"1a1c01bbd47fc00a2c39e90264f33305004495a9","hash":"3e7623ed4f5f8d9afac590a78dbed48242b53f13"}
,"/Users/rentspree/work/kia/node_api_boilerplate/src/middlewares/authentication.js": {"path":"/Users/rentspree/work/kia/node_api_boilerplate/src/middlewares/authentication.js","statementMap":{"0":{"start":{"line":1,"column":15},"end":{"line":1,"column":34}},"1":{"start":{"line":2,"column":31},"end":{"line":2,"column":51}},"2":{"start":{"line":3,"column":0},"end":{"line":24,"column":1}},"3":{"start":{"line":4,"column":4},"end":{"line":23,"column":23}},"4":{"start":{"line":6,"column":8},"end":{"line":22,"column":9}},"5":{"start":{"line":7,"column":12},"end":{"line":7,"column":68}},"6":{"start":{"line":9,"column":38},"end":{"line":9,"column":49}},"7":{"start":{"line":10,"column":26},"end":{"line":10,"column":53}},"8":{"start":{"line":12,"column":33},"end":{"line":12,"column":155}},"9":{"start":{"line":14,"column":12},"end":{"line":20,"column":13}},"10":{"start":{"line":15,"column":29},"end":{"line":15,"column":76}},"11":{"start":{"line":16,"column":16},"end":{"line":16,"column":39}},"12":{"start":{"line":17,"column":16},"end":{"line":17,"column":22}},"13":{"start":{"line":19,"column":16},"end":{"line":19,"column":72}}},"fnMap":{"0":{"name":"(anonymous_0)","decl":{"start":{"line":3,"column":24},"end":{"line":3,"column":25}},"loc":{"start":{"line":3,"column":50},"end":{"line":24,"column":1}},"line":3},"1":{"name":"(anonymous_1)","decl":{"start":{"line":4,"column":53},"end":{"line":4,"column":54}},"loc":{"start":{"line":4,"column":72},"end":{"line":23,"column":5}},"line":4}},"branchMap":{"0":{"loc":{"start":{"line":6,"column":8},"end":{"line":22,"column":9}},"type":"if","locations":[{"start":{"line":6,"column":8},"end":{"line":22,"column":9}},{"start":{"line":6,"column":8},"end":{"line":22,"column":9}}],"line":6},"1":{"loc":{"start":{"line":14,"column":12},"end":{"line":20,"column":13}},"type":"if","locations":[{"start":{"line":14,"column":12},"end":{"line":20,"column":13}},{"start":{"line":14,"column":12},"end":{"line":20,"column":13}}],"line":14}},"s":{"0":4,"1":4,"2":4,"3":7,"4":7,"5":5,"6":2,"7":2,"8":2,"9":2,"10":1,"11":1,"12":1,"13":1},"f":{"0":7,"1":7},"b":{"0":[5,2],"1":[1,1]},"_coverageSchema":"1a1c01bbd47fc00a2c39e90264f33305004495a9","hash":"2a032ead92e99531a5e3fe8bb7ef51c22473316b"}
,"/Users/rentspree/work/kia/node_api_boilerplate/src/middlewares/errorHandling.js": {"path":"/Users/rentspree/work/kia/node_api_boilerplate/src/middlewares/errorHandling.js","statementMap":{"0":{"start":{"line":1,"column":0},"end":{"line":4,"column":1}},"1":{"start":{"line":2,"column":23},"end":{"line":2,"column":64}},"2":{"start":{"line":3,"column":4},"end":{"line":3,"column":66}}},"fnMap":{"0":{"name":"(anonymous_0)","decl":{"start":{"line":1,"column":24},"end":{"line":1,"column":25}},"loc":{"start":{"line":1,"column":49},"end":{"line":4,"column":1}},"line":1}},"branchMap":{"0":{"loc":{"start":{"line":2,"column":23},"end":{"line":2,"column":64}},"type":"cond-expr","locations":[{"start":{"line":2,"column":42},"end":{"line":2,"column":58}},{"start":{"line":2,"column":61},"end":{"line":2,"column":64}}],"line":2}},"s":{"0":4,"1":5,"2":5},"f":{"0":5},"b":{"0":[1,4]},"_coverageSchema":"1a1c01bbd47fc00a2c39e90264f33305004495a9","hash":"1c6653ca812582429bb9a7639d125689cd845fd3"}
,"/Users/rentspree/work/kia/node_api_boilerplate/src/middlewares/passport-jwt.js": {"path":"/Users/rentspree/work/kia/node_api_boilerplate/src/middlewares/passport-jwt.js","statementMap":{"0":{"start":{"line":3,"column":0},"end":{"line":10,"column":1}},"1":{"start":{"line":5,"column":4},"end":{"line":9,"column":5}},"2":{"start":{"line":6,"column":8},"end":{"line":6,"column":33}},"3":{"start":{"line":8,"column":8},"end":{"line":8,"column":26}}},"fnMap":{"0":{"name":"(anonymous_0)","decl":{"start":{"line":3,"column":33},"end":{"line":3,"column":34}},"loc":{"start":{"line":3,"column":56},"end":{"line":10,"column":1}},"line":3}},"branchMap":{"0":{"loc":{"start":{"line":5,"column":4},"end":{"line":9,"column":5}},"type":"if","locations":[{"start":{"line":5,"column":4},"end":{"line":9,"column":5}},{"start":{"line":5,"column":4},"end":{"line":9,"column":5}}],"line":5}},"s":{"0":4,"1":2,"2":1,"3":1},"f":{"0":2},"b":{"0":[1,1]},"_coverageSchema":"1a1c01bbd47fc00a2c39e90264f33305004495a9","hash":"cabb48d8eb4607dc0a02d371240836a9d3b3b83a"}
,"/Users/rentspree/work/kia/node_api_boilerplate/src/middlewares/passport.js": {"path":"/Users/rentspree/work/kia/node_api_boilerplate/src/middlewares/passport.js","statementMap":{"0":{"start":{"line":1,"column":17},"end":{"line":1,"column":36}},"1":{"start":{"line":2,"column":20},"end":{"line":2,"column":52}},"2":{"start":{"line":3,"column":19},"end":{"line":3,"column":53}},"3":{"start":{"line":4,"column":27},"end":{"line":4,"column":47}},"4":{"start":{"line":5,"column":34},"end":{"line":5,"column":59}},"5":{"start":{"line":6,"column":13},"end":{"line":9,"column":1}},"6":{"start":{"line":10,"column":0},"end":{"line":10,"column":61}}},"fnMap":{},"branchMap":{},"s":{"0":3,"1":3,"2":3,"3":3,"4":3,"5":3,"6":3},"f":{},"b":{},"_coverageSchema":"1a1c01bbd47fc00a2c39e90264f33305004495a9","hash":"ef7fc3f7e03c184af9cf6ca970d3b32e2b4742b4"}
,"/Users/rentspree/work/kia/node_api_boilerplate/src/middlewares/validationResponse.js": {"path":"/Users/rentspree/work/kia/node_api_boilerplate/src/middlewares/validationResponse.js","statementMap":{"0":{"start":{"line":1,"column":29},"end":{"line":1,"column":57}},"1":{"start":{"line":2,"column":0},"end":{"line":10,"column":1}},"2":{"start":{"line":3,"column":19},"end":{"line":3,"column":40}},"3":{"start":{"line":4,"column":4},"end":{"line":9,"column":5}},"4":{"start":{"line":5,"column":6},"end":{"line":5,"column":55}},"5":{"start":{"line":6,"column":6},"end":{"line":6,"column":13}},"6":{"start":{"line":8,"column":8},"end":{"line":8,"column":14}}},"fnMap":{"0":{"name":"(anonymous_0)","decl":{"start":{"line":2,"column":29},"end":{"line":2,"column":30}},"loc":{"start":{"line":2,"column":47},"end":{"line":10,"column":1}},"line":2}},"branchMap":{"0":{"loc":{"start":{"line":4,"column":4},"end":{"line":9,"column":5}},"type":"if","locations":[{"start":{"line":4,"column":4},"end":{"line":9,"column":5}},{"start":{"line":4,"column":4},"end":{"line":9,"column":5}}],"line":4}},"s":{"0":3,"1":3,"2":7,"3":7,"4":4,"5":4,"6":3},"f":{"0":7},"b":{"0":[4,3]},"_coverageSchema":"1a1c01bbd47fc00a2c39e90264f33305004495a9","hash":"6af050fc394b733ec63258bc4849956148dc06ae"}
,"/Users/rentspree/work/kia/node_api_boilerplate/src/models/index.js": {"path":"/Users/rentspree/work/kia/node_api_boilerplate/src/models/index.js","statementMap":{"0":{"start":{"line":3,"column":11},"end":{"line":3,"column":24}},"1":{"start":{"line":4,"column":13},"end":{"line":4,"column":28}},"2":{"start":{"line":5,"column":18},"end":{"line":5,"column":38}},"3":{"start":{"line":6,"column":17},"end":{"line":6,"column":42}},"4":{"start":{"line":7,"column":12},"end":{"line":7,"column":49}},"5":{"start":{"line":8,"column":16},"end":{"line":8,"column":36}},"6":{"start":{"line":9,"column":15},"end":{"line":9,"column":36}},"7":{"start":{"line":10,"column":11},"end":{"line":10,"column":13}},"8":{"start":{"line":14,"column":0},"end":{"line":14,"column":93}},"9":{"start":{"line":17,"column":0},"end":{"line":25,"column":5}},"10":{"start":{"line":20,"column":4},"end":{"line":20,"column":90}},"11":{"start":{"line":23,"column":18},"end":{"line":23,"column":65}},"12":{"start":{"line":24,"column":4},"end":{"line":24,"column":27}},"13":{"start":{"line":27,"column":0},"end":{"line":31,"column":3}},"14":{"start":{"line":28,"column":2},"end":{"line":30,"column":3}},"15":{"start":{"line":29,"column":4},"end":{"line":29,"column":32}},"16":{"start":{"line":33,"column":0},"end":{"line":33,"column":25}},"17":{"start":{"line":34,"column":0},"end":{"line":34,"column":25}},"18":{"start":{"line":36,"column":0},"end":{"line":36,"column":20}}},"fnMap":{"0":{"name":"(anonymous_0)","decl":{"start":{"line":19,"column":10},"end":{"line":19,"column":11}},"loc":{"start":{"line":19,"column":18},"end":{"line":21,"column":3}},"line":19},"1":{"name":"(anonymous_1)","decl":{"start":{"line":22,"column":11},"end":{"line":22,"column":12}},"loc":{"start":{"line":22,"column":19},"end":{"line":25,"column":3}},"line":22},"2":{"name":"(anonymous_2)","decl":{"start":{"line":27,"column":24},"end":{"line":27,"column":25}},"loc":{"start":{"line":27,"column":37},"end":{"line":31,"column":1}},"line":27}},"branchMap":{"0":{"loc":{"start":{"line":7,"column":12},"end":{"line":7,"column":49}},"type":"binary-expr","locations":[{"start":{"line":7,"column":12},"end":{"line":7,"column":32}},{"start":{"line":7,"column":36},"end":{"line":7,"column":49}}],"line":7},"1":{"loc":{"start":{"line":20,"column":11},"end":{"line":20,"column":89}},"type":"binary-expr","locations":[{"start":{"line":20,"column":12},"end":{"line":20,"column":35}},{"start":{"line":20,"column":41},"end":{"line":20,"column":58}},{"start":{"line":20,"column":64},"end":{"line":20,"column":88}}],"line":20},"2":{"loc":{"start":{"line":28,"column":2},"end":{"line":30,"column":3}},"type":"if","locations":[{"start":{"line":28,"column":2},"end":{"line":30,"column":3}},{"start":{"line":28,"column":2},"end":{"line":30,"column":3}}],"line":28}},"s":{"0":10,"1":10,"2":10,"3":10,"4":10,"5":10,"6":10,"7":10,"8":10,"9":10,"10":30,"11":20,"12":20,"13":10,"14":20,"15":20,"16":10,"17":10,"18":10},"f":{"0":30,"1":20,"2":20},"b":{"0":[10,0],"1":[30,30,20],"2":[20,0]},"_coverageSchema":"1a1c01bbd47fc00a2c39e90264f33305004495a9","hash":"a246890e866ea921aab2a9ffd545a1ae63cccd73"}
,"/Users/rentspree/work/kia/node_api_boilerplate/src/models/user.js": {"path":"/Users/rentspree/work/kia/node_api_boilerplate/src/models/user.js","statementMap":{"0":{"start":{"line":2,"column":0},"end":{"line":15,"column":2}},"1":{"start":{"line":3,"column":15},"end":{"line":7,"column":8}},"2":{"start":{"line":8,"column":2},"end":{"line":13,"column":4}},"3":{"start":{"line":10,"column":4},"end":{"line":12,"column":6}},"4":{"start":{"line":14,"column":2},"end":{"line":14,"column":14}}},"fnMap":{"0":{"name":"(anonymous_0)","decl":{"start":{"line":2,"column":17},"end":{"line":2,"column":18}},"loc":{"start":{"line":2,"column":43},"end":{"line":15,"column":1}},"line":2},"1":{"name":"(anonymous_1)","decl":{"start":{"line":8,"column":19},"end":{"line":8,"column":20}},"loc":{"start":{"line":8,"column":36},"end":{"line":13,"column":3}},"line":8}},"branchMap":{},"s":{"0":10,"1":10,"2":10,"3":10,"4":10},"f":{"0":10,"1":10},"b":{},"_coverageSchema":"1a1c01bbd47fc00a2c39e90264f33305004495a9","hash":"e4066b5637fb9999c4b71615e0ad7667e8dbe6d6"}
,"/Users/rentspree/work/kia/node_api_boilerplate/src/models/user_session.js": {"path":"/Users/rentspree/work/kia/node_api_boilerplate/src/models/user_session.js","statementMap":{"0":{"start":{"line":2,"column":0},"end":{"line":16,"column":2}},"1":{"start":{"line":3,"column":23},"end":{"line":8,"column":8}},"2":{"start":{"line":9,"column":2},"end":{"line":14,"column":4}},"3":{"start":{"line":11,"column":4},"end":{"line":13,"column":6}},"4":{"start":{"line":15,"column":2},"end":{"line":15,"column":22}}},"fnMap":{"0":{"name":"(anonymous_0)","decl":{"start":{"line":2,"column":17},"end":{"line":2,"column":18}},"loc":{"start":{"line":2,"column":43},"end":{"line":16,"column":1}},"line":2},"1":{"name":"(anonymous_1)","decl":{"start":{"line":9,"column":27},"end":{"line":9,"column":28}},"loc":{"start":{"line":9,"column":44},"end":{"line":14,"column":3}},"line":9}},"branchMap":{},"s":{"0":10,"1":10,"2":10,"3":10,"4":10},"f":{"0":10,"1":10},"b":{},"_coverageSchema":"1a1c01bbd47fc00a2c39e90264f33305004495a9","hash":"d385e276647881bef33c6ae1f915289a0e77323a"}
,"/Users/rentspree/work/kia/node_api_boilerplate/src/routes/authentication.routes.js": {"path":"/Users/rentspree/work/kia/node_api_boilerplate/src/routes/authentication.routes.js","statementMap":{"0":{"start":{"line":1,"column":38},"end":{"line":1,"column":100}},"1":{"start":{"line":2,"column":33},"end":{"line":2,"column":94}},"2":{"start":{"line":3,"column":31},"end":{"line":3,"column":75}},"3":{"start":{"line":4,"column":26},"end":{"line":4,"column":66}},"4":{"start":{"line":5,"column":0},"end":{"line":10,"column":1}},"5":{"start":{"line":6,"column":4},"end":{"line":6,"column":93}},"6":{"start":{"line":7,"column":4},"end":{"line":7,"column":48}},"7":{"start":{"line":8,"column":4},"end":{"line":8,"column":53}}},"fnMap":{"0":{"name":"(anonymous_0)","decl":{"start":{"line":5,"column":17},"end":{"line":5,"column":18}},"loc":{"start":{"line":5,"column":26},"end":{"line":10,"column":1}},"line":5}},"branchMap":{},"s":{"0":3,"1":3,"2":3,"3":3,"4":3,"5":3,"6":3,"7":3},"f":{"0":3},"b":{},"_coverageSchema":"1a1c01bbd47fc00a2c39e90264f33305004495a9","hash":"684d58fb45a73d16bce76d5c02b5063f808dac6f"}
,"/Users/rentspree/work/kia/node_api_boilerplate/src/routes/healthcheck.routes.js": {"path":"/Users/rentspree/work/kia/node_api_boilerplate/src/routes/healthcheck.routes.js","statementMap":{"0":{"start":{"line":1,"column":26},"end":{"line":1,"column":66}},"1":{"start":{"line":2,"column":0},"end":{"line":12,"column":1}},"2":{"start":{"line":4,"column":4},"end":{"line":7,"column":6}},"3":{"start":{"line":6,"column":8},"end":{"line":6,"column":51}},"4":{"start":{"line":8,"column":4},"end":{"line":10,"column":6}},"5":{"start":{"line":9,"column":8},"end":{"line":9,"column":43}}},"fnMap":{"0":{"name":"(anonymous_0)","decl":{"start":{"line":2,"column":17},"end":{"line":2,"column":18}},"loc":{"start":{"line":2,"column":26},"end":{"line":12,"column":1}},"line":2},"1":{"name":"(anonymous_1)","decl":{"start":{"line":4,"column":28},"end":{"line":4,"column":29}},"loc":{"start":{"line":4,"column":48},"end":{"line":7,"column":5}},"line":4},"2":{"name":"(anonymous_2)","decl":{"start":{"line":8,"column":17},"end":{"line":8,"column":18}},"loc":{"start":{"line":8,"column":37},"end":{"line":10,"column":5}},"line":8}},"branchMap":{},"s":{"0":3,"1":3,"2":3,"3":1,"4":3,"5":1},"f":{"0":3,"1":1,"2":1},"b":{},"_coverageSchema":"1a1c01bbd47fc00a2c39e90264f33305004495a9","hash":"2d66cb2ba967d7dde7b6e526cf0e8b4139cb5f4b"}
,"/Users/rentspree/work/kia/node_api_boilerplate/src/routes/index.js": {"path":"/Users/rentspree/work/kia/node_api_boilerplate/src/routes/index.js","statementMap":{"0":{"start":{"line":2,"column":19},"end":{"line":2,"column":41}},"1":{"start":{"line":4,"column":26},"end":{"line":4,"column":65}},"2":{"start":{"line":5,"column":0},"end":{"line":16,"column":1}},"3":{"start":{"line":8,"column":4},"end":{"line":8,"column":55}},"4":{"start":{"line":9,"column":4},"end":{"line":9,"column":30}},"5":{"start":{"line":12,"column":4},"end":{"line":12,"column":33}},"6":{"start":{"line":13,"column":4},"end":{"line":13,"column":43}},"7":{"start":{"line":14,"column":4},"end":{"line":14,"column":40}},"8":{"start":{"line":15,"column":4},"end":{"line":15,"column":26}}},"fnMap":{"0":{"name":"(anonymous_0)","decl":{"start":{"line":5,"column":17},"end":{"line":5,"column":18}},"loc":{"start":{"line":5,"column":26},"end":{"line":16,"column":1}},"line":5}},"branchMap":{},"s":{"0":3,"1":3,"2":3,"3":3,"4":3,"5":3,"6":3,"7":3,"8":3},"f":{"0":3},"b":{},"_coverageSchema":"1a1c01bbd47fc00a2c39e90264f33305004495a9","hash":"6ae4b7b10c896cec3306c9efc7d1f039ee9437fb"}
,"/Users/rentspree/work/kia/node_api_boilerplate/src/routes/user.routes.js": {"path":"/Users/rentspree/work/kia/node_api_boilerplate/src/routes/user.routes.js","statementMap":{"0":{"start":{"line":1,"column":56},"end":{"line":1,"column":98}},"1":{"start":{"line":2,"column":23},"end":{"line":2,"column":64}},"2":{"start":{"line":3,"column":31},"end":{"line":3,"column":75}},"3":{"start":{"line":4,"column":0},"end":{"line":9,"column":1}},"4":{"start":{"line":5,"column":4},"end":{"line":5,"column":89}},"5":{"start":{"line":6,"column":4},"end":{"line":6,"column":95}},"6":{"start":{"line":7,"column":4},"end":{"line":7,"column":92}},"7":{"start":{"line":8,"column":4},"end":{"line":8,"column":97}}},"fnMap":{"0":{"name":"(anonymous_0)","decl":{"start":{"line":4,"column":17},"end":{"line":4,"column":18}},"loc":{"start":{"line":4,"column":26},"end":{"line":9,"column":1}},"line":4}},"branchMap":{},"s":{"0":3,"1":3,"2":3,"3":3,"4":3,"5":3,"6":3,"7":3},"f":{"0":3},"b":{},"_coverageSchema":"1a1c01bbd47fc00a2c39e90264f33305004495a9","hash":"7d0362ff263571a81da1efe6f06176a00c33d2b7"}
}
