TN:
SF:src\app.js
FNF:0
FNH:0
DA:1,2
DA:9,2
DA:11,2
DA:13,2
LF:4
LH:4
BRF:0
BRH:0
end_of_record
TN:
SF:src\config\database.js
FNF:0
FNH:0
DA:1,6
LF:1
LH:1
BRDA:3,0,0,6
BRDA:3,0,1,6
BRDA:4,1,0,6
BRDA:4,1,1,6
BRDA:6,2,0,6
BRDA:6,2,1,6
BRF:6
BRH:6
end_of_record
TN:
SF:src\config\index.js
FNF:0
FNH:0
DA:1,6
DA:2,6
DA:4,6
DA:5,6
DA:6,6
DA:7,24
DA:8,6
DA:10,18
DA:11,18
DA:12,18
DA:15,6
LF:11
LH:11
BRDA:7,0,0,6
BRDA:7,0,1,18
BRDA:16,1,0,6
BRDA:16,1,1,6
BRF:4
BRH:4
end_of_record
TN:
SF:src\config\user.js
FNF:0
FNH:0
DA:1,7
LF:1
LH:1
BRF:0
BRH:0
end_of_record
TN:
SF:src\domains\user\user.controller.js
FN:7,(anonymous_0)
FN:22,(anonymous_1)
FN:32,(anonymous_2)
FN:47,(anonymous_3)
FNF:4
FNH:4
FNDA:4,(anonymous_0)
FNDA:4,(anonymous_1)
FNDA:4,(anonymous_2)
FNDA:4,(anonymous_3)
DA:1,3
DA:3,3
DA:4,3
DA:5,3
DA:7,3
DA:8,4
DA:9,4
DA:10,4
DA:11,3
DA:12,2
DA:14,1
DA:17,1
DA:22,3
DA:23,4
DA:24,4
DA:25,4
DA:26,3
DA:28,1
DA:32,3
DA:33,4
DA:34,4
DA:35,4
DA:36,4
DA:37,3
DA:38,2
DA:40,1
DA:43,1
DA:47,3
DA:48,4
DA:49,4
DA:50,4
DA:51,3
DA:52,2
DA:54,1
DA:58,1
LF:35
LH:35
BRDA:11,0,0,2
BRDA:11,0,1,1
BRDA:37,1,0,2
BRDA:37,1,1,1
BRDA:51,2,0,2
BRDA:51,2,1,1
BRF:6
BRH:6
end_of_record
TN:
SF:src\domains\user\user.flows.js
FN:3,(anonymous_0)
FN:8,(anonymous_1)
FN:21,(anonymous_2)
FN:33,(anonymous_3)
FNF:4
FNH:4
FNDA:3,(anonymous_0)
FNDA:2,(anonymous_1)
FNDA:3,(anonymous_2)
FNDA:3,(anonymous_3)
DA:1,4
DA:3,4
DA:4,3
DA:5,3
DA:8,4
DA:10,2
DA:16,2
DA:18,2
DA:21,4
DA:23,3
DA:27,3
DA:29,3
DA:33,4
DA:35,3
DA:37,3
LF:15
LH:15
BRF:0
BRH:0
end_of_record
TN:
SF:src\domains\user\user.services.js
FN:4,(anonymous_0)
FN:8,(anonymous_1)
FN:20,(anonymous_2)
FN:28,(anonymous_3)
FN:34,(anonymous_4)
FNF:5
FNH:5
FNDA:2,(anonymous_0)
FNDA:2,(anonymous_1)
FNDA:2,(anonymous_2)
FNDA:3,(anonymous_3)
FNDA:3,(anonymous_4)
DA:1,5
DA:2,5
DA:3,5
DA:4,5
DA:5,2
DA:6,2
DA:8,5
DA:10,2
DA:16,2
DA:20,5
DA:22,2
DA:23,2
DA:25,2
DA:28,5
DA:29,3
DA:30,3
DA:31,3
DA:34,5
DA:36,3
DA:38,3
LF:20
LH:20
BRF:0
BRH:0
end_of_record
TN:
SF:src\domains\user\user.validator.js
FN:3,(anonymous_0)
FNF:1
FNH:1
FNDA:8,(anonymous_0)
DA:1,2
DA:3,2
DA:4,8
DA:6,2
DA:11,2
DA:18,2
DA:25,2
LF:7
LH:7
BRDA:4,0,0,2
BRDA:4,0,1,2
BRDA:4,0,2,2
BRDA:4,0,3,2
BRF:4
BRH:4
end_of_record
TN:
SF:src\middlewares\errorHandling.js
FN:1,(anonymous_0)
FNF:1
FNH:1
FNDA:1,(anonymous_0)
DA:1,3
DA:2,1
LF:2
LH:2
BRF:0
BRH:0
end_of_record
TN:
SF:src\middlewares\validationResponse.js
FN:2,(anonymous_0)
FNF:1
FNH:1
FNDA:5,(anonymous_0)
DA:1,2
DA:2,2
DA:3,5
DA:4,5
DA:5,1
DA:6,1
DA:8,4
LF:7
LH:7
BRDA:4,0,0,1
BRDA:4,0,1,4
BRF:2
BRH:2
end_of_record
TN:
SF:src\models\index.js
FN:21,(anonymous_0)
FN:24,(anonymous_1)
FN:29,(anonymous_2)
FNF:3
FNH:3
FNDA:15,(anonymous_0)
FNDA:10,(anonymous_1)
FNDA:10,(anonymous_2)
DA:3,5
DA:4,5
DA:5,5
DA:6,5
DA:8,5
DA:9,5
DA:10,5
DA:16,5
DA:19,5
DA:22,15
DA:25,10
DA:26,10
DA:29,5
DA:30,10
DA:31,10
DA:35,5
DA:36,5
DA:38,5
LF:18
LH:18
BRDA:22,0,0,15
BRDA:22,0,1,15
BRDA:22,0,2,10
BRDA:30,1,0,10
BRDA:30,1,1,0
BRF:5
BRH:4
end_of_record
TN:
SF:src\models\user.js
FN:2,(anonymous_0)
FN:8,(anonymous_1)
FNF:2
FNH:2
FNDA:5,(anonymous_0)
FNDA:5,(anonymous_1)
DA:2,5
DA:3,5
DA:8,5
DA:10,5
DA:14,5
LF:5
LH:5
BRF:0
BRH:0
end_of_record
TN:
SF:src\models\user_session.js
FN:2,(anonymous_0)
FN:8,(anonymous_1)
FNF:2
FNH:2
FNDA:5,(anonymous_0)
FNDA:5,(anonymous_1)
DA:2,5
DA:3,5
DA:8,5
DA:10,5
DA:14,5
LF:5
LH:5
BRF:0
BRH:0
end_of_record
TN:
SF:src\routes\healthcheck.routes.js
FN:1,(anonymous_0)
FN:3,(anonymous_1)
FN:6,(anonymous_2)
FNF:3
FNH:3
FNDA:2,(anonymous_0)
FNDA:1,(anonymous_1)
FNDA:1,(anonymous_2)
DA:1,2
DA:3,2
DA:4,1
DA:6,2
DA:7,1
LF:5
LH:5
BRF:0
BRH:0
end_of_record
TN:
SF:src\routes\index.js
FN:5,(anonymous_0)
FNF:1
FNH:1
FNDA:2,(anonymous_0)
DA:2,2
DA:4,2
DA:5,2
DA:8,2
DA:9,2
DA:10,2
DA:12,2
DA:13,2
LF:8
LH:8
BRF:0
BRH:0
end_of_record
TN:
SF:src\routes\user.routes.js
FN:4,(anonymous_0)
FNF:1
FNH:1
FNDA:2,(anonymous_0)
DA:1,2
DA:2,2
DA:3,2
DA:4,2
DA:5,2
DA:6,2
DA:7,2
DA:8,2
LF:8
LH:8
BRF:0
BRH:0
end_of_record
