TN:
SF:src\app.js
FNF:0
FNH:0
DA:1,3
DA:9,3
DA:11,3
DA:13,3
LF:4
LH:4
BRF:0
BRH:0
end_of_record
TN:
SF:src\config\authentication.js
FNF:0
FNH:0
DA:1,11
LF:1
LH:1
BRF:0
BRH:0
end_of_record
TN:
SF:src\config\database.js
FNF:0
FNH:0
DA:1,11
LF:1
LH:1
BRDA:3,0,0,11
BRDA:3,0,1,11
BRDA:4,1,0,11
BRDA:4,1,1,11
BRDA:6,2,0,11
BRDA:6,2,1,11
BRF:6
BRH:6
end_of_record
TN:
SF:src\config\index.js
FNF:0
FNH:0
DA:1,11
DA:2,11
DA:4,11
DA:5,11
DA:6,11
DA:7,55
DA:8,11
DA:10,44
DA:11,44
DA:12,44
DA:15,11
LF:11
LH:11
BRDA:7,0,0,11
BRDA:7,0,1,44
BRDA:16,1,0,11
BRDA:16,1,1,11
BRF:4
BRH:4
end_of_record
TN:
SF:src\config\user.js
FNF:0
FNH:0
DA:1,12
LF:1
LH:1
BRF:0
BRH:0
end_of_record
TN:
SF:src\domains\authentication\authentication.controller.js
FN:3,(anonymous_0)
FN:13,(anonymous_1)
FNF:2
FNH:2
FNDA:4,(anonymous_0)
FNDA:5,(anonymous_1)
DA:1,4
DA:3,4
DA:4,4
DA:5,4
DA:6,4
DA:7,2
DA:9,2
DA:13,4
DA:14,5
DA:15,5
DA:17,5
DA:18,5
DA:19,3
DA:20,2
DA:22,1
DA:25,2
DA:26,2
LF:17
LH:17
BRDA:19,0,0,2
BRDA:19,0,1,1
BRF:2
BRH:2
end_of_record
TN:
SF:src\domains\authentication\authentication.flows.js
FN:4,(anonymous_0)
FN:24,(anonymous_1)
FN:35,(anonymous_2)
FNF:3
FNH:3
FNDA:5,(anonymous_0)
FNDA:4,(anonymous_1)
FNDA:3,(anonymous_2)
DA:1,5
DA:2,5
DA:3,5
DA:4,5
DA:6,5
DA:7,5
DA:8,1
DA:10,4
DA:12,4
DA:13,2
DA:14,2
DA:15,2
DA:16,2
DA:17,2
DA:19,2
DA:24,5
DA:25,4
DA:26,3
DA:28,3
DA:29,2
DA:31,1
DA:35,5
DA:36,3
DA:37,3
LF:24
LH:24
BRDA:7,0,0,1
BRDA:7,0,1,4
BRDA:12,1,0,2
BRDA:12,1,1,2
BRDA:28,2,0,2
BRDA:28,2,1,1
BRF:6
BRH:6
end_of_record
TN:
SF:src\domains\authentication\authentication.services.js
FN:5,(anonymous_0)
FN:12,(anonymous_1)
FN:23,(anonymous_2)
FN:30,(anonymous_3)
FN:37,(anonymous_4)
FN:44,(anonymous_5)
FNF:6
FNH:6
FNDA:4,(anonymous_0)
FNDA:2,(anonymous_1)
FNDA:4,(anonymous_2)
FNDA:2,(anonymous_3)
FNDA:3,(anonymous_4)
FNDA:2,(anonymous_5)
DA:1,6
DA:2,6
DA:3,6
DA:4,6
DA:5,6
DA:7,4
DA:9,4
DA:12,6
DA:14,2
DA:18,2
DA:23,6
DA:25,4
DA:27,4
DA:30,6
DA:32,2
DA:34,2
DA:37,6
DA:39,3
DA:41,2
DA:44,6
DA:45,2
DA:46,2
LF:22
LH:22
BRF:0
BRH:0
end_of_record
TN:
SF:src\domains\authentication\authentication.validator.js
FN:3,(anonymous_0)
FNF:1
FNH:1
FNDA:3,(anonymous_0)
DA:1,3
DA:3,3
DA:4,3
DA:6,3
LF:4
LH:4
BRDA:4,0,0,3
BRF:1
BRH:1
end_of_record
TN:
SF:src\domains\user\user.controller.js
FN:7,(anonymous_0)
FN:22,(anonymous_1)
FN:32,(anonymous_2)
FN:47,(anonymous_3)
FNF:4
FNH:4
FNDA:4,(anonymous_0)
FNDA:4,(anonymous_1)
FNDA:4,(anonymous_2)
FNDA:4,(anonymous_3)
DA:1,4
DA:3,4
DA:4,4
DA:5,4
DA:7,4
DA:8,4
DA:9,4
DA:10,4
DA:11,3
DA:12,2
DA:14,1
DA:17,1
DA:22,4
DA:23,4
DA:24,4
DA:25,4
DA:26,3
DA:28,1
DA:32,4
DA:33,4
DA:34,4
DA:35,4
DA:36,4
DA:37,3
DA:38,2
DA:40,1
DA:43,1
DA:47,4
DA:48,4
DA:49,4
DA:50,4
DA:51,3
DA:52,2
DA:54,1
DA:58,1
LF:35
LH:35
BRDA:11,0,0,2
BRDA:11,0,1,1
BRDA:37,1,0,2
BRDA:37,1,1,1
BRDA:51,2,0,2
BRDA:51,2,1,1
BRF:6
BRH:6
end_of_record
TN:
SF:src\domains\user\user.flows.js
FN:3,(anonymous_0)
FN:8,(anonymous_1)
FN:21,(anonymous_2)
FN:33,(anonymous_3)
FNF:4
FNH:4
FNDA:3,(anonymous_0)
FNDA:2,(anonymous_1)
FNDA:3,(anonymous_2)
FNDA:3,(anonymous_3)
DA:1,5
DA:3,5
DA:4,3
DA:5,3
DA:8,5
DA:10,2
DA:16,2
DA:18,2
DA:21,5
DA:23,3
DA:27,3
DA:29,3
DA:33,5
DA:35,3
DA:37,3
LF:15
LH:15
BRF:0
BRH:0
end_of_record
TN:
SF:src\domains\user\user.services.js
FN:4,(anonymous_0)
FN:8,(anonymous_1)
FN:20,(anonymous_2)
FN:28,(anonymous_3)
FN:34,(anonymous_4)
FNF:5
FNH:5
FNDA:2,(anonymous_0)
FNDA:2,(anonymous_1)
FNDA:2,(anonymous_2)
FNDA:3,(anonymous_3)
FNDA:3,(anonymous_4)
DA:1,6
DA:2,6
DA:3,6
DA:4,6
DA:5,2
DA:6,2
DA:8,6
DA:10,2
DA:16,2
DA:20,6
DA:22,2
DA:23,2
DA:25,2
DA:28,6
DA:29,3
DA:30,3
DA:31,3
DA:34,6
DA:36,3
DA:38,3
LF:20
LH:20
BRF:0
BRH:0
end_of_record
TN:
SF:src\domains\user\user.validator.js
FN:3,(anonymous_0)
FNF:1
FNH:1
FNDA:12,(anonymous_0)
DA:1,3
DA:3,3
DA:4,12
DA:6,3
DA:11,3
DA:18,3
DA:25,3
LF:7
LH:7
BRDA:4,0,0,3
BRDA:4,0,1,3
BRDA:4,0,2,3
BRDA:4,0,3,3
BRF:4
BRH:4
end_of_record
TN:
SF:src\middlewares\errorHandling.js
FN:1,(anonymous_0)
FNF:1
FNH:1
FNDA:4,(anonymous_0)
DA:1,4
DA:2,4
DA:3,4
LF:3
LH:3
BRDA:2,0,0,2
BRDA:2,0,1,2
BRF:2
BRH:2
end_of_record
TN:
SF:src\middlewares\validationResponse.js
FN:2,(anonymous_0)
FNF:1
FNH:1
FNDA:7,(anonymous_0)
DA:1,3
DA:2,3
DA:3,7
DA:4,7
DA:5,1
DA:6,1
DA:8,6
LF:7
LH:7
BRDA:4,0,0,1
BRDA:4,0,1,6
BRF:2
BRH:2
end_of_record
TN:
SF:src\models\index.js
FN:21,(anonymous_0)
FN:24,(anonymous_1)
FN:29,(anonymous_2)
FNF:3
FNH:3
FNDA:27,(anonymous_0)
FNDA:18,(anonymous_1)
FNDA:18,(anonymous_2)
DA:3,9
DA:4,9
DA:5,9
DA:6,9
DA:8,9
DA:9,9
DA:10,9
DA:16,9
DA:19,9
DA:22,27
DA:25,18
DA:26,18
DA:29,9
DA:30,18
DA:31,18
DA:35,9
DA:36,9
DA:38,9
LF:18
LH:18
BRDA:22,0,0,27
BRDA:22,0,1,27
BRDA:22,0,2,18
BRDA:30,1,0,18
BRDA:30,1,1,0
BRF:5
BRH:4
end_of_record
TN:
SF:src\models\user.js
FN:2,(anonymous_0)
FN:8,(anonymous_1)
FNF:2
FNH:2
FNDA:9,(anonymous_0)
FNDA:9,(anonymous_1)
DA:2,9
DA:3,9
DA:8,9
DA:10,9
DA:14,9
LF:5
LH:5
BRF:0
BRH:0
end_of_record
TN:
SF:src\models\user_session.js
FN:2,(anonymous_0)
FN:9,(anonymous_1)
FNF:2
FNH:2
FNDA:9,(anonymous_0)
FNDA:9,(anonymous_1)
DA:2,9
DA:3,9
DA:9,9
DA:11,9
DA:15,9
LF:5
LH:5
BRF:0
BRH:0
end_of_record
TN:
SF:src\routes\authentication.routes.js
FN:4,(anonymous_0)
FNF:1
FNH:1
FNDA:3,(anonymous_0)
DA:1,3
DA:2,3
DA:3,3
DA:4,3
DA:5,3
DA:6,3
LF:6
LH:6
BRF:0
BRH:0
end_of_record
TN:
SF:src\routes\healthcheck.routes.js
FN:1,(anonymous_0)
FN:3,(anonymous_1)
FN:6,(anonymous_2)
FNF:3
FNH:3
FNDA:3,(anonymous_0)
FNDA:1,(anonymous_1)
FNDA:1,(anonymous_2)
DA:1,3
DA:3,3
DA:4,1
DA:6,3
DA:7,1
LF:5
LH:5
BRF:0
BRH:0
end_of_record
TN:
SF:src\routes\index.js
FN:5,(anonymous_0)
FNF:1
FNH:1
FNDA:3,(anonymous_0)
DA:2,3
DA:4,3
DA:5,3
DA:8,3
DA:9,3
DA:12,3
DA:13,3
DA:14,3
DA:15,3
LF:9
LH:9
BRF:0
BRH:0
end_of_record
TN:
SF:src\routes\user.routes.js
FN:4,(anonymous_0)
FNF:1
FNH:1
FNDA:3,(anonymous_0)
DA:1,3
DA:2,3
DA:3,3
DA:4,3
DA:5,3
DA:6,3
DA:7,3
DA:8,3
LF:8
LH:8
BRF:0
BRH:0
end_of_record
